This is XeTeX, Version 3.14159265-2.6-0.999991 (TeX Live 2019/Debian) (preloaded format=xelatex 2020.9.18)  12 MAR 2022 17:31
entering extended mode
 restricted \write18 enabled.
 %&-line parsing enabled.
**Svetunkov--2022----ADAM.tex
(./Svetunkov--2022----ADAM.tex
LaTeX2e <2020-02-02> patch level 2
L3 programming layer <2020-02-14> (/usr/share/texlive/texmf-dist/tex/latex/base
/book.cls
Document Class: book 2019/12/20 v1.4l Standard LaTeX document class
(/usr/share/texlive/texmf-dist/tex/latex/base/bk10.clo
File: bk10.clo 2019/12/20 v1.4l Standard LaTeX file (size option)
)
\c@part=\count163
\c@chapter=\count164
\c@section=\count165
\c@subsection=\count166
\c@subsubsection=\count167
\c@paragraph=\count168
\c@subparagraph=\count169
\c@figure=\count170
\c@table=\count171
\abovecaptionskip=\skip47
\belowcaptionskip=\skip48
\bibindent=\dimen134
) (/usr/share/texlive/texmf-dist/tex/latex/amsmath/amsmath.sty
Package: amsmath 2020/01/20 v2.17e AMS math features
\@mathmargin=\skip49
For additional information on amsmath, use the `?' option.
(/usr/share/texlive/texmf-dist/tex/latex/amsmath/amstext.sty
Package: amstext 2000/06/29 v2.01 AMS text
(/usr/share/texlive/texmf-dist/tex/latex/amsmath/amsgen.sty
File: amsgen.sty 1999/11/30 v2.0 generic functions
\@emptytoks=\toks14
\ex@=\dimen135
)) (/usr/share/texlive/texmf-dist/tex/latex/amsmath/amsbsy.sty
Package: amsbsy 1999/11/29 v1.2d Bold Symbols
\pmbraise@=\dimen136
) (/usr/share/texlive/texmf-dist/tex/latex/amsmath/amsopn.sty
Package: amsopn 2016/03/08 v2.02 operator names
)
\inf@bad=\count172
LaTeX Info: Redefining \frac on input line 227.
\uproot@=\count173
\leftroot@=\count174
LaTeX Info: Redefining \overline on input line 389.
\classnum@=\count175
\DOTSCASE@=\count176
LaTeX Info: Redefining \ldots on input line 486.
LaTeX Info: Redefining \dots on input line 489.
LaTeX Info: Redefining \cdots on input line 610.
\Mathstrutbox@=\box45
\strutbox@=\box46
\big@size=\dimen137
LaTeX Font Info:    Redeclaring font encoding OML on input line 733.
LaTeX Font Info:    Redeclaring font encoding OMS on input line 734.
\macc@depth=\count177
\c@MaxMatrixCols=\count178
\dotsspace@=\muskip16
\c@parentequation=\count179
\dspbrk@lvl=\count180
\tag@help=\toks15
\row@=\count181
\column@=\count182
\maxfields@=\count183
\andhelp@=\toks16
\eqnshift@=\dimen138
\alignsep@=\dimen139
\tagshift@=\dimen140
\tagwidth@=\dimen141
\totwidth@=\dimen142
\lineht@=\dimen143
\@envbody=\toks17
\multlinegap=\skip50
\multlinetaggap=\skip51
\mathdisplay@stack=\toks18
LaTeX Info: Redefining \[ on input line 2859.
LaTeX Info: Redefining \] on input line 2860.
) (/usr/share/texlive/texmf-dist/tex/latex/amsfonts/amssymb.sty
Package: amssymb 2013/01/14 v3.01 AMS font symbols
(/usr/share/texlive/texmf-dist/tex/latex/amsfonts/amsfonts.sty
Package: amsfonts 2013/01/14 v3.01 Basic AMSFonts support
\symAMSa=\mathgroup4
\symAMSb=\mathgroup5
LaTeX Font Info:    Redeclaring math symbol \hbar on input line 98.
LaTeX Font Info:    Overwriting math alphabet `\mathfrak' in version `bold'
(Font)                  U/euf/m/n --> U/euf/b/n on input line 106.
)) (/usr/share/texmf/tex/latex/lm/lmodern.sty
Package: lmodern 2009/10/30 v1.6 Latin Modern Fonts
LaTeX Font Info:    Overwriting symbol font `operators' in version `normal'
(Font)                  OT1/cmr/m/n --> OT1/lmr/m/n on input line 22.
LaTeX Font Info:    Overwriting symbol font `letters' in version `normal'
(Font)                  OML/cmm/m/it --> OML/lmm/m/it on input line 23.
LaTeX Font Info:    Overwriting symbol font `symbols' in version `normal'
(Font)                  OMS/cmsy/m/n --> OMS/lmsy/m/n on input line 24.
LaTeX Font Info:    Overwriting symbol font `largesymbols' in version `normal'
(Font)                  OMX/cmex/m/n --> OMX/lmex/m/n on input line 25.
LaTeX Font Info:    Overwriting symbol font `operators' in version `bold'
(Font)                  OT1/cmr/bx/n --> OT1/lmr/bx/n on input line 26.
LaTeX Font Info:    Overwriting symbol font `letters' in version `bold'
(Font)                  OML/cmm/b/it --> OML/lmm/b/it on input line 27.
LaTeX Font Info:    Overwriting symbol font `symbols' in version `bold'
(Font)                  OMS/cmsy/b/n --> OMS/lmsy/b/n on input line 28.
LaTeX Font Info:    Overwriting symbol font `largesymbols' in version `bold'
(Font)                  OMX/cmex/m/n --> OMX/lmex/m/n on input line 29.
LaTeX Font Info:    Overwriting math alphabet `\mathbf' in version `normal'
(Font)                  OT1/cmr/bx/n --> OT1/lmr/bx/n on input line 31.
LaTeX Font Info:    Overwriting math alphabet `\mathsf' in version `normal'
(Font)                  OT1/cmss/m/n --> OT1/lmss/m/n on input line 32.
LaTeX Font Info:    Overwriting math alphabet `\mathit' in version `normal'
(Font)                  OT1/cmr/m/it --> OT1/lmr/m/it on input line 33.
LaTeX Font Info:    Overwriting math alphabet `\mathtt' in version `normal'
(Font)                  OT1/cmtt/m/n --> OT1/lmtt/m/n on input line 34.
LaTeX Font Info:    Overwriting math alphabet `\mathbf' in version `bold'
(Font)                  OT1/cmr/bx/n --> OT1/lmr/bx/n on input line 35.
LaTeX Font Info:    Overwriting math alphabet `\mathsf' in version `bold'
(Font)                  OT1/cmss/bx/n --> OT1/lmss/bx/n on input line 36.
LaTeX Font Info:    Overwriting math alphabet `\mathit' in version `bold'
(Font)                  OT1/cmr/bx/it --> OT1/lmr/bx/it on input line 37.
LaTeX Font Info:    Overwriting math alphabet `\mathtt' in version `bold'
(Font)                  OT1/cmtt/m/n --> OT1/lmtt/m/n on input line 38.
) (/usr/share/texlive/texmf-dist/tex/generic/iftex/ifxetex.sty
Package: ifxetex 2019/10/25 v0.7 ifxetex legacy package. Use iftex instead.
(/usr/share/texlive/texmf-dist/tex/generic/iftex/iftex.sty
Package: iftex 2019/11/07 v1.0c TeX engine tests
)) (/usr/share/texlive/texmf-dist/tex/generic/iftex/ifluatex.sty
Package: ifluatex 2019/10/25 v1.5 ifluatex legacy package. Use iftex instead.
) (/usr/share/texlive/texmf-dist/tex/latex/unicode-math/unicode-math.sty (/usr/
share/texlive/texmf-dist/tex/latex/l3kernel/expl3.sty
Package: expl3 2020-02-14 L3 programming layer (loader) 
(/usr/share/texlive/texmf-dist/tex/latex/l3backend/l3backend-xdvipdfmx.def
File: l3backend-xdvipdfmx.def 2020-02-03 L3 backend support: xdvipdfmx
\g__graphics_track_int=\count184
\l__pdf_internal_box=\box47
\g__pdf_backend_object_int=\count185
\g__pdf_backend_annotation_int=\count186
))
Package: unicode-math 2020/01/31 v0.8q Unicode maths in XeLaTeX and LuaLaTeX
(/usr/share/texlive/texmf-dist/tex/latex/unicode-math/unicode-math-xetex.sty
Package: unicode-math-xetex 2020/01/31 v0.8q Unicode maths in XeLaTeX and LuaLa
TeX
(/usr/share/texlive/texmf-dist/tex/latex/l3packages/xparse/xparse.sty
Package: xparse 2020-02-14 L3 Experimental document command parser
\l__xparse_current_arg_int=\count187
\g__xparse_grabber_int=\count188
\l__xparse_m_args_int=\count189
\l__xparse_v_nesting_int=\count190
) (/usr/share/texlive/texmf-dist/tex/latex/l3packages/l3keys2e/l3keys2e.sty
Package: l3keys2e 2020-02-14 LaTeX2e option processing using LaTeX3 keys
) (/usr/share/texlive/texmf-dist/tex/latex/fontspec/fontspec.sty
Package: fontspec 2020/02/03 v2.7h Font selection for XeLaTeX and LuaLaTeX
(/usr/share/texlive/texmf-dist/tex/latex/fontspec/fontspec-xetex.sty
Package: fontspec-xetex 2020/02/03 v2.7h Font selection for XeLaTeX and LuaLaTe
X
\l__fontspec_script_int=\count191
\l__fontspec_language_int=\count192
\l__fontspec_strnum_int=\count193
\l__fontspec_tmp_int=\count194
\l__fontspec_tmpa_int=\count195
\l__fontspec_tmpb_int=\count196
\l__fontspec_tmpc_int=\count197
\l__fontspec_em_int=\count198
\l__fontspec_emdef_int=\count199
\l__fontspec_strong_int=\count266
\l__fontspec_strongdef_int=\count267
\l__fontspec_tmpa_dim=\dimen144
\l__fontspec_tmpb_dim=\dimen145
\l__fontspec_tmpc_dim=\dimen146
(/usr/share/texlive/texmf-dist/tex/latex/base/fontenc.sty
Package: fontenc 2020/02/11 v2.0o Standard LaTeX package
) (/usr/share/texlive/texmf-dist/tex/latex/fontspec/fontspec.cfg))) (/usr/share
/texlive/texmf-dist/tex/latex/base/fix-cm.sty
Package: fix-cm 2015/01/14 v1.1t fixes to LaTeX
(/usr/share/texlive/texmf-dist/tex/latex/base/ts1enc.def
File: ts1enc.def 2001/06/05 v3.0e (jk/car/fm) Standard LaTeX file
LaTeX Font Info:    Redeclaring font encoding TS1 on input line 47.
))
\g__um_fam_int=\count268
\g__um_fonts_used_int=\count269
\l__um_primecount_int=\count270
\g__um_primekern_muskip=\muskip17
(/usr/share/texlive/texmf-dist/tex/latex/unicode-math/unicode-math-table.tex)))
(/usr/share/texlive/texmf-dist/tex/latex/upquote/upquote.sty
Package: upquote 2012/04/19 v1.3 upright-quote and grave-accent glyphs in verba
tim
(/usr/share/texlive/texmf-dist/tex/latex/base/textcomp.sty
Package: textcomp 2020/02/02 v2.0n Standard LaTeX package
)) (/usr/share/texlive/texmf-dist/tex/latex/microtype/microtype.sty
Package: microtype 2019/11/18 v2.7d Micro-typographical refinements (RS)
(/usr/share/texlive/texmf-dist/tex/latex/graphics/keyval.sty
Package: keyval 2014/10/28 v1.15 key=value parser (DPC)
\KV@toks@=\toks19
)
\MT@toks=\toks20
\MT@count=\count271
LaTeX Info: Redefining \textls on input line 790.
\MT@outer@kern=\dimen147
LaTeX Info: Redefining \textmicrotypecontext on input line 1354.
\MT@listname@count=\count272
(/usr/share/texlive/texmf-dist/tex/latex/microtype/microtype-xetex.def
File: microtype-xetex.def 2019/11/18 v2.7d Definitions specific to xetex (RS)
LaTeX Info: Redefining \lsstyle on input line 258.
)
Package microtype Info: Loading configuration file microtype.cfg.
(/usr/share/texlive/texmf-dist/tex/latex/microtype/microtype.cfg
File: microtype.cfg 2019/11/18 v2.7d microtype main configuration file (RS)
)) (/usr/share/texlive/texmf-dist/tex/latex/parskip/parskip.sty
Package: parskip 2020-01-22 v2.0d non-zero parskip adjustments
(/usr/share/texlive/texmf-dist/tex/latex/kvoptions/kvoptions.sty
Package: kvoptions 2019/11/29 v3.13 Key value format for package options (HO)
(/usr/share/texlive/texmf-dist/tex/generic/ltxcmds/ltxcmds.sty
Package: ltxcmds 2019/12/15 v1.24 LaTeX kernel commands for general use (HO)
) (/usr/share/texlive/texmf-dist/tex/generic/kvsetkeys/kvsetkeys.sty
Package: kvsetkeys 2019/12/15 v1.18 Key value parser (HO)
)) (/usr/share/texlive/texmf-dist/tex/latex/etoolbox/etoolbox.sty
Package: etoolbox 2019/09/21 v2.5h e-TeX tools for LaTeX (JAW)
\etb@tempcnta=\count273
)) (/usr/share/texlive/texmf-dist/tex/latex/xcolor/xcolor.sty
Package: xcolor 2016/05/11 v2.12 LaTeX color extensions (UK)
(/usr/share/texlive/texmf-dist/tex/latex/graphics-cfg/color.cfg
File: color.cfg 2016/01/02 v1.6 sample color configuration
)
Package xcolor Info: Driver file: xetex.def on input line 225.
(/usr/share/texlive/texmf-dist/tex/latex/graphics-def/xetex.def
File: xetex.def 2017/06/24 v5.0h Graphics/color driver for xetex
)
Package xcolor Info: Model `cmy' substituted by `cmy0' on input line 1348.
Package xcolor Info: Model `RGB' extended on input line 1364.
Package xcolor Info: Model `HTML' substituted by `rgb' on input line 1366.
Package xcolor Info: Model `Hsb' substituted by `hsb' on input line 1367.
Package xcolor Info: Model `tHsb' substituted by `hsb' on input line 1368.
Package xcolor Info: Model `HSB' substituted by `hsb' on input line 1369.
Package xcolor Info: Model `Gray' substituted by `gray' on input line 1370.
Package xcolor Info: Model `wave' substituted by `hsb' on input line 1371.
) (/usr/share/texlive/texmf-dist/tex/latex/xurl/xurl.sty
Package: xurl 2020/01/24 v 0.09 modify URL breaks
(/usr/share/texlive/texmf-dist/tex/latex/url/url.sty
\Urlmuskip=\muskip18
Package: url 2013/09/16  ver 3.4  Verb mode for urls, etc.
)) (/usr/share/texlive/texmf-dist/tex/latex/bookmark/bookmark.sty
Package: bookmark 2019/12/03 v1.28 PDF bookmarks (HO)
(/usr/share/texlive/texmf-dist/tex/latex/hyperref/hyperref.sty
Package: hyperref 2020/01/14 v7.00d Hypertext links for LaTeX
(/usr/share/texlive/texmf-dist/tex/latex/pdftexcmds/pdftexcmds.sty
Package: pdftexcmds 2019/11/24 v0.31 Utility functions of pdfTeX for LuaTeX (HO
)
(/usr/share/texlive/texmf-dist/tex/generic/infwarerr/infwarerr.sty
Package: infwarerr 2019/12/03 v1.5 Providing info/warning/error messages (HO)
)
Package pdftexcmds Info: \pdf@primitive is available.
Package pdftexcmds Info: \pdf@ifprimitive is available.
Package pdftexcmds Info: \pdfdraftmode not found.
) (/usr/share/texlive/texmf-dist/tex/generic/kvdefinekeys/kvdefinekeys.sty
Package: kvdefinekeys 2019-12-19 v1.6 Define keys (HO)
) (/usr/share/texlive/texmf-dist/tex/generic/pdfescape/pdfescape.sty
Package: pdfescape 2019/12/09 v1.15 Implements pdfTeX's escape features (HO)
) (/usr/share/texlive/texmf-dist/tex/latex/hycolor/hycolor.sty
Package: hycolor 2020-01-27 v1.10 Color options for hyperref/bookmark (HO)
) (/usr/share/texlive/texmf-dist/tex/latex/letltxmacro/letltxmacro.sty
Package: letltxmacro 2019/12/03 v1.6 Let assignment for LaTeX macros (HO)
) (/usr/share/texlive/texmf-dist/tex/latex/auxhook/auxhook.sty
Package: auxhook 2019-12-17 v1.6 Hooks for auxiliary files (HO)
)
\@linkdim=\dimen148
\Hy@linkcounter=\count274
\Hy@pagecounter=\count275
(/usr/share/texlive/texmf-dist/tex/latex/hyperref/pd1enc.def
File: pd1enc.def 2020/01/14 v7.00d Hyperref: PDFDocEncoding definition (HO)
) (/usr/share/texlive/texmf-dist/tex/generic/intcalc/intcalc.sty
Package: intcalc 2019/12/15 v1.3 Expandable calculations with integers (HO)
) (/usr/share/texlive/texmf-dist/tex/generic/etexcmds/etexcmds.sty
Package: etexcmds 2019/12/15 v1.7 Avoid name clashes with e-TeX commands (HO)
)
\Hy@SavedSpaceFactor=\count276
Package hyperref Info: Option `unicode' set `true' on input line 4421.
(/usr/share/texlive/texmf-dist/tex/latex/hyperref/puenc.def
File: puenc.def 2020/01/14 v7.00d Hyperref: PDF Unicode definition (HO)
)
Package hyperref Info: Hyper figures OFF on input line 4547.
Package hyperref Info: Link nesting OFF on input line 4552.
Package hyperref Info: Hyper index ON on input line 4555.
Package hyperref Info: Plain pages OFF on input line 4562.
Package hyperref Info: Backreferencing OFF on input line 4567.
Package hyperref Info: Implicit mode ON; LaTeX internals redefined.
Package hyperref Info: Bookmarks ON on input line 4800.
\c@Hy@tempcnt=\count277
LaTeX Info: Redefining \url on input line 5159.
\XeTeXLinkMargin=\dimen149
(/usr/share/texlive/texmf-dist/tex/generic/bitset/bitset.sty
Package: bitset 2019/12/09 v1.3 Handle bit-vector datatype (HO)
(/usr/share/texlive/texmf-dist/tex/generic/bigintcalc/bigintcalc.sty
Package: bigintcalc 2019/12/15 v1.5 Expandable calculations on big integers (HO
)
))
\Fld@menulength=\count278
\Field@Width=\dimen150
\Fld@charsize=\dimen151
Package hyperref Info: Hyper figures OFF on input line 6430.
Package hyperref Info: Link nesting OFF on input line 6435.
Package hyperref Info: Hyper index ON on input line 6438.
Package hyperref Info: backreferencing OFF on input line 6445.
Package hyperref Info: Link coloring OFF on input line 6450.
Package hyperref Info: Link coloring with OCG OFF on input line 6455.
Package hyperref Info: PDF/A mode OFF on input line 6460.
LaTeX Info: Redefining \ref on input line 6500.
LaTeX Info: Redefining \pageref on input line 6504.
(/usr/share/texlive/texmf-dist/tex/generic/atbegshi/atbegshi.sty
Package: atbegshi 2019/12/05 v1.19 At begin shipout hook (HO)
)
\Hy@abspage=\count279
\c@Item=\count280
\c@Hfootnote=\count281
)
Package hyperref Info: Driver (autodetected): hxetex.
(/usr/share/texlive/texmf-dist/tex/latex/hyperref/hxetex.def
File: hxetex.def 2020/01/14 v7.00d Hyperref driver for XeTeX
(/usr/share/texlive/texmf-dist/tex/generic/stringenc/stringenc.sty
Package: stringenc 2019/11/29 v1.12 Convert strings between diff. encodings (HO
)
)
\pdfm@box=\box48
\c@Hy@AnnotLevel=\count282
\HyField@AnnotCount=\count283
\Fld@listcount=\count284
\c@bookmark@seq@number=\count285
(/usr/share/texlive/texmf-dist/tex/latex/rerunfilecheck/rerunfilecheck.sty
Package: rerunfilecheck 2019/12/05 v1.9 Rerun checks for auxiliary files (HO)
(/usr/share/texlive/texmf-dist/tex/latex/atveryend/atveryend.sty
Package: atveryend 2019-12-11 v1.11 Hooks at the very end of document (HO)
) (/usr/share/texlive/texmf-dist/tex/generic/uniquecounter/uniquecounter.sty
Package: uniquecounter 2019/12/15 v1.4 Provide unlimited unique counter (HO)
)
Package uniquecounter Info: New unique counter `rerunfilecheck' on input line 2
86.
)
\Hy@SectionHShift=\skip52
) (/usr/share/texlive/texmf-dist/tex/latex/bookmark/bkm-dvipdfm.def
File: bkm-dvipdfm.def 2019/12/03 v1.28 bookmark driver for dvipdfm (HO)
\BKM@id=\count286
)) (/usr/share/texlive/texmf-dist/tex/latex/fancyvrb/fancyvrb.sty
Package: fancyvrb 2020/01/13 v3.5 verbatim text (tvz,hv)
\FV@CodeLineNo=\count287
\FV@InFile=\read2
\FV@TabBox=\box49
\c@FancyVerbLine=\count288
\FV@StepNumber=\count289
\FV@OutFile=\write3
) (/usr/share/texlive/texmf-dist/tex/latex/framed/framed.sty
Package: framed 2011/10/22 v 0.96: framed or shaded text with page breaks
\OuterFrameSep=\skip53
\fb@frw=\dimen152
\fb@frh=\dimen153
\FrameRule=\dimen154
\FrameSep=\dimen155
) (/usr/share/texlive/texmf-dist/tex/latex/tools/longtable.sty
Package: longtable 2020/01/07 v4.13 Multi-page Table package (DPC)
\LTleft=\skip54
\LTright=\skip55
\LTpre=\skip56
\LTpost=\skip57
\LTchunksize=\count290
\LTcapwidth=\dimen156
\LT@head=\box50
\LT@firsthead=\box51
\LT@foot=\box52
\LT@lastfoot=\box53
\LT@cols=\count291
\LT@rows=\count292
\c@LT@tables=\count293
\c@LT@chunks=\count294
\LT@p@ftn=\toks21
) (/usr/share/texlive/texmf-dist/tex/latex/booktabs/booktabs.sty
Package: booktabs 2020/01/12 v1.61803398 Publication quality tables
\heavyrulewidth=\dimen157
\lightrulewidth=\dimen158
\cmidrulewidth=\dimen159
\belowrulesep=\dimen160
\belowbottomsep=\dimen161
\aboverulesep=\dimen162
\abovetopsep=\dimen163
\cmidrulesep=\dimen164
\cmidrulekern=\dimen165
\defaultaddspace=\dimen166
\@cmidla=\count295
\@cmidlb=\count296
\@aboverulesep=\dimen167
\@belowrulesep=\dimen168
\@thisruleclass=\count297
\@lastruleclass=\count298
\@thisrulewidth=\dimen169
) (/usr/share/texlive/texmf-dist/tex/latex/tools/array.sty
Package: array 2019/08/31 v2.4l Tabular extension package (FMi)
\col@sep=\dimen170
\ar@mcellbox=\box54
\extrarowheight=\dimen171
\NC@list=\toks22
\extratabsurround=\skip58
\backup@length=\skip59
\ar@cellbox=\box55
) (/usr/share/texlive/texmf-dist/tex/latex/tools/calc.sty
Package: calc 2017/05/25 v4.3 Infix arithmetic (KKT,FJ)
\calc@Acount=\count299
\calc@Bcount=\count300
\calc@Adimen=\dimen172
\calc@Bdimen=\dimen173
\calc@Askip=\skip60
\calc@Bskip=\skip61
LaTeX Info: Redefining \setlength on input line 80.
LaTeX Info: Redefining \addtolength on input line 81.
\calc@Ccount=\count301
\calc@Cskip=\skip62
) (/usr/share/texlive/texmf-dist/tex/latex/footnotehyper/footnotehyper.sty
Package: footnotehyper 2019/11/07 v1.1a hyperref aware footnote.sty (JFB)
\FNH@notes=\box56
\FNH@width=\dimen174
) (/usr/share/texlive/texmf-dist/tex/latex/graphics/graphicx.sty
Package: graphicx 2019/11/30 v1.2a Enhanced LaTeX Graphics (DPC,SPQR)
(/usr/share/texlive/texmf-dist/tex/latex/graphics/graphics.sty
Package: graphics 2019/11/30 v1.4a Standard LaTeX Graphics (DPC,SPQR)
(/usr/share/texlive/texmf-dist/tex/latex/graphics/trig.sty
Package: trig 2016/01/03 v1.10 sin cos tan (DPC)
) (/usr/share/texlive/texmf-dist/tex/latex/graphics-cfg/graphics.cfg
File: graphics.cfg 2016/06/04 v1.11 sample graphics configuration
)
Package graphics Info: Driver file: xetex.def on input line 105.
)
\Gin@req@height=\dimen175
\Gin@req@width=\dimen176
) (/usr/share/texlive/texmf-dist/tex/latex/amscls/amsthm.sty
Package: amsthm 2017/10/31 v2.20.4
\thm@style=\toks23
\thm@bodyfont=\toks24
\thm@headfont=\toks25
\thm@notefont=\toks26
\thm@headpunct=\toks27
\thm@preskip=\skip63
\thm@postskip=\skip64
\thm@headsep=\skip65
\dth@everypar=\toks28
) (/usr/share/texlive/texmf-dist/tex/latex/mathtools/mathtools.sty
Package: mathtools 2020/01/17 v1.23 mathematical typesetting tools
(/usr/share/texlive/texmf-dist/tex/latex/mathtools/mhsetup.sty
Package: mhsetup 2017/03/31 v1.3 programming setup (MH)
)
LaTeX Info: Thecontrolsequence`\('isalreadyrobust on input line 129.
LaTeX Info: Thecontrolsequence`\)'isalreadyrobust on input line 129.
LaTeX Info: Thecontrolsequence`\['isalreadyrobust on input line 129.
LaTeX Info: Thecontrolsequence`\]'isalreadyrobust on input line 129.
\g_MT_multlinerow_int=\count302
\l_MT_multwidth_dim=\dimen177
\origjot=\skip66
\l_MT_shortvdotswithinadjustabove_dim=\dimen178
\l_MT_shortvdotswithinadjustbelow_dim=\dimen179
\l_MT_above_intertext_sep=\dimen180
\l_MT_below_intertext_sep=\dimen181
\l_MT_above_shortintertext_sep=\dimen182
\l_MT_below_shortintertext_sep=\dimen183
) (/usr/share/texlive/texmf-dist/tex/latex/multirow/multirow.sty
Package: multirow 2019/05/31 v2.5 Span multiple rows of a table
\multirow@colwidth=\skip67
\multirow@cntb=\count303
\multirow@dima=\skip68
\bigstrutjot=\dimen184
) (/usr/share/texlive/texmf-dist/tex/latex/wrapfig/wrapfig.sty
\wrapoverhang=\dimen185
\WF@size=\dimen186
\c@WF@wrappedlines=\count304
\WF@box=\box57
\WF@everypar=\toks29
Package: wrapfig 2003/01/31  v 3.6
) (/usr/share/texlive/texmf-dist/tex/latex/float/float.sty
Package: float 2001/11/08 v1.3d Float enhancements (AL)
\c@float@type=\count305
\float@exts=\toks30
\float@box=\box58
\@float@everytoks=\toks31
\@floatcapt=\box59
) (/usr/share/texlive/texmf-dist/tex/latex/colortbl/colortbl.sty
Package: colortbl 2020/01/04 v1.0e Color table columns (DPC)
\everycr=\toks32
\minrowclearance=\skip69
) (/usr/share/texlive/texmf-dist/tex/latex/pdflscape/pdflscape.sty
Package: pdflscape 2019/12/05 v0.12 Display of landscape pages in PDF (HO)
(/usr/share/texlive/texmf-dist/tex/latex/graphics/lscape.sty
Package: lscape 2000/10/22 v3.01 Landscape Pages (DPC)
)
Package pdflscape Info: Auto-detected driver: dvipdfm (xetex) on input line 98.

) (/usr/share/texlive/texmf-dist/tex/latex/tabu/tabu.sty
Package: tabu 2019/01/11 v2.9 - flexible LaTeX tabulars (FC+tabu-fixed) + inter
mediate FMi
(/usr/share/texlive/texmf-dist/tex/latex/varwidth/varwidth.sty
Package: varwidth 2009/03/30 ver 0.92;  Variable-width minipages
\@vwid@box=\box60
\sift@deathcycles=\count306
\@vwid@loff=\dimen187
\@vwid@roff=\dimen188
)
\c@taburow=\count307
\tabu@nbcols=\count308
\tabu@cnt=\count309
\tabu@Xcol=\count310
\tabu@alloc=\count311
\tabu@nested=\count312
\tabu@target=\dimen189
\tabu@spreadtarget=\dimen190
\tabu@naturalX=\dimen191
\tabucolX=\dimen192
\tabu@Xsum=\dimen193
\extrarowdepth=\dimen194
\abovetabulinesep=\dimen195
\belowtabulinesep=\dimen196
\tabustrutrule=\dimen197
\tabu@thebody=\toks33
\tabu@footnotes=\toks34
\tabu@box=\box61
\tabu@arstrutbox=\box62
\tabu@hleads=\box63
\tabu@vleads=\box64
\tabu@cellskip=\skip70
) (/usr/share/texlive/texmf-dist/tex/latex/threeparttable/threeparttable.sty
Package: threeparttable 2003/06/13  v 3.0
\@tempboxb=\box65
) (/usr/share/texlive/texmf-dist/tex/latex/threeparttablex/threeparttablex.sty
Package: threeparttablex 2013/07/23 v0.3 by daleif
(/usr/share/texlive/texmf-dist/tex/latex/environ/environ.sty
Package: environ 2014/05/04 v0.3 A new way to define environments
(/usr/share/texlive/texmf-dist/tex/latex/trimspaces/trimspaces.sty
Package: trimspaces 2009/09/17 v1.1 Trim spaces around a token list
))
\TPTL@width=\skip71
) (/usr/share/texlive/texmf-dist/tex/generic/ulem/ulem.sty
\UL@box=\box66
\UL@hyphenbox=\box67
\UL@skip=\skip72
\UL@hook=\toks35
\UL@height=\dimen198
\UL@pe=\count313
\UL@pixel=\dimen199
\ULC@box=\box68
Package: ulem 2019/11/18
\ULdepth=\dimen256
) (/usr/share/texlive/texmf-dist/tex/latex/makecell/makecell.sty
Package: makecell 2009/08/03 V0.1e Managing of Tab Column Heads and Cells
\rotheadsize=\dimen257
\c@nlinenum=\count314
\TeXr@lab=\toks36
) (/usr/share/texlive/texmf-dist/tex/latex/natbib/natbib.sty
Package: natbib 2010/09/13 8.31b (PWD, AO)
\bibhang=\skip73
\bibsep=\skip74
LaTeX Info: Redefining \cite on input line 694.
\c@NAT@ctr=\count315
)
\c@theorem=\count316
\c@lemma=\count317
\c@corollary=\count318
\c@proposition=\count319
\c@conjecture=\count320
\c@definition=\count321
\c@example=\count322
\c@exercise=\count323
\c@hypothesis=\count324
(./Svetunkov--2022----ADAM.aux

LaTeX Warning: Label `eq:ETSANN' multiply defined.

)
\openout1 = `Svetunkov--2022----ADAM.aux'.

LaTeX Font Info:    Checking defaults for OML/cmm/m/it on input line 162.
LaTeX Font Info:    ... okay on input line 162.
LaTeX Font Info:    Checking defaults for OMS/cmsy/m/n on input line 162.
LaTeX Font Info:    ... okay on input line 162.
LaTeX Font Info:    Checking defaults for OT1/cmr/m/n on input line 162.
LaTeX Font Info:    ... okay on input line 162.
LaTeX Font Info:    Checking defaults for T1/cmr/m/n on input line 162.
LaTeX Font Info:    ... okay on input line 162.
LaTeX Font Info:    Checking defaults for TS1/cmr/m/n on input line 162.
LaTeX Font Info:    ... okay on input line 162.
LaTeX Font Info:    Checking defaults for TU/lmr/m/n on input line 162.
LaTeX Font Info:    ... okay on input line 162.
LaTeX Font Info:    Checking defaults for OMX/cmex/m/n on input line 162.
LaTeX Font Info:    ... okay on input line 162.
LaTeX Font Info:    Checking defaults for U/cmr/m/n on input line 162.
LaTeX Font Info:    ... okay on input line 162.
LaTeX Font Info:    Checking defaults for PD1/pdf/m/n on input line 162.
LaTeX Font Info:    ... okay on input line 162.
LaTeX Font Info:    Checking defaults for PU/pdf/m/n on input line 162.
LaTeX Font Info:    ... okay on input line 162.
LaTeX Font Info:    Overwriting math alphabet `\mathrm' in version `normal'
(Font)                  OT1/lmr/m/n --> TU/lmr/m/n on input line 162.
LaTeX Font Info:    Overwriting math alphabet `\mathit' in version `normal'
(Font)                  OT1/lmr/m/it --> TU/lmr/m/it on input line 162.
LaTeX Font Info:    Overwriting math alphabet `\mathbf' in version `normal'
(Font)                  OT1/lmr/bx/n --> TU/lmr/bx/n on input line 162.
LaTeX Font Info:    Overwriting math alphabet `\mathsf' in version `normal'
(Font)                  OT1/lmss/m/n --> TU/lmss/m/n on input line 162.
LaTeX Font Info:    Overwriting math alphabet `\mathsf' in version `bold'
(Font)                  OT1/lmss/bx/n --> TU/lmss/bx/n on input line 162.
LaTeX Font Info:    Overwriting math alphabet `\mathtt' in version `normal'
(Font)                  OT1/lmtt/m/n --> TU/lmtt/m/n on input line 162.
LaTeX Font Info:    Overwriting math alphabet `\mathtt' in version `bold'
(Font)                  OT1/lmtt/m/n --> TU/lmtt/bx/n on input line 162.

Package fontspec Info: latinmodern-math scale = 0.9999964596882403.


Package fontspec Info: latinmodern-math scale = 0.9999964596882403.


Package fontspec Info: latinmodern-math scale = 0.9999964596882403.


Package fontspec Info: Font family 'latinmodern-math.otf(0)' created for font
(fontspec)             'latinmodern-math.otf' with options
(fontspec)             [Scale=MatchLowercase,BoldItalicFont={},ItalicFont={},Sm
allCapsFont={},Script=Math,BoldFont={latinmodern-math.otf}].
(fontspec)              
(fontspec)              This font family consists of the following NFSS
(fontspec)             series/shapes:
(fontspec)              
(fontspec)             - 'normal' (m/n) with NFSS spec.:
(fontspec)             <->s*[0.9999964596882403]"[latinmodern-math.otf]/OT:scri
pt=math;language=dflt;"
(fontspec)             - 'small caps'  (m/sc) with NFSS spec.: 
(fontspec)             - 'bold' (b/n) with NFSS spec.:
(fontspec)             <->s*[0.9999964596882403]"[latinmodern-math.otf]/OT:scri
pt=math;language=dflt;"
(fontspec)             - 'bold small caps'  (b/sc) with NFSS spec.: 

LaTeX Font Info:    Font shape `TU/latinmodern-math.otf(0)/m/n' will be
(Font)              scaled to size 10.0pt on input line 162.

Package fontspec Info: latinmodern-math scale = 0.9999964596882403.


Package fontspec Info: latinmodern-math scale = 0.9999964596882403.


Package fontspec Info: latinmodern-math scale = 0.9999964596882403.


Package fontspec Info: latinmodern-math scale = 0.9999964596882403.


Package fontspec Info: latinmodern-math scale = 0.9999964596882403.


Package fontspec Info: Font family 'latinmodern-math.otf(1)' created for font
(fontspec)             'latinmodern-math.otf' with options
(fontspec)             [Scale=MatchLowercase,BoldItalicFont={},ItalicFont={},Sm
allCapsFont={},Script=Math,SizeFeatures={{Size=8.5-},{Size=6-8.5,Font=latinmode
rn-math.otf,Style=MathScript},{Size=-6,Font=latinmodern-math.otf,Style=MathScri
ptScript}},BoldFont={latinmodern-math.otf}].
(fontspec)              
(fontspec)              This font family consists of the following NFSS
(fontspec)             series/shapes:
(fontspec)              
(fontspec)             - 'normal' (m/n) with NFSS spec.:
(fontspec)             <8.5->s*[0.9999964596882403]"[latinmodern-math.otf]/OT:s
cript=math;language=dflt;"<6-8.5>s*[0.9999964596882403]"[latinmodern-math.otf]/
OT:script=math;language=dflt;+ssty=0;"<-6>s*[0.9999964596882403]"[latinmodern-m
ath.otf]/OT:script=math;language=dflt;+ssty=1;"
(fontspec)             - 'small caps'  (m/sc) with NFSS spec.: 
(fontspec)             - 'bold' (b/n) with NFSS spec.:
(fontspec)             <->s*[0.9999964596882403]"[latinmodern-math.otf]/OT:scri
pt=math;language=dflt;"
(fontspec)             - 'bold small caps'  (b/sc) with NFSS spec.: 

LaTeX Font Info:    Font shape `TU/latinmodern-math.otf(1)/m/n' will be
(Font)              scaled to size 10.0pt on input line 162.
LaTeX Font Info:    Encoding `OT1' has changed to `TU' for symbol font
(Font)              `operators' in the math version `normal' on input line 162.

LaTeX Font Info:    Overwriting symbol font `operators' in version `normal'
(Font)                  OT1/lmr/m/n --> TU/latinmodern-math.otf(1)/m/n on input
 line 162.
LaTeX Font Info:    Encoding `OT1' has changed to `TU' for symbol font
(Font)              `operators' in the math version `bold' on input line 162.
LaTeX Font Info:    Overwriting symbol font `operators' in version `bold'
(Font)                  OT1/lmr/bx/n --> TU/latinmodern-math.otf(1)/b/n on inpu
t line 162.

Package fontspec Info: latinmodern-math scale = 0.9999964596882403.


Package fontspec Info: latinmodern-math scale = 1.000096459334209.


Package fontspec Info: latinmodern-math scale = 0.9999964596882403.


Package fontspec Info: latinmodern-math scale = 1.000096459334209.


Package fontspec Info: latinmodern-math scale = 0.9999964596882403.


Package fontspec Info: latinmodern-math scale = 1.000096459334209.


Package fontspec Info: latinmodern-math scale = 0.9999964596882403.


Package fontspec Info: latinmodern-math scale = 1.000096459334209.


Package fontspec Info: latinmodern-math scale = 0.9999964596882403.


Package fontspec Info: latinmodern-math scale = 1.000096459334209.


Package fontspec Info: Font family 'latinmodern-math.otf(2)' created for font
(fontspec)             'latinmodern-math.otf' with options
(fontspec)             [Scale=MatchLowercase,BoldItalicFont={},ItalicFont={},Sm
allCapsFont={},Script=Math,SizeFeatures={{Size=8.5-},{Size=6-8.5,Font=latinmode
rn-math.otf,Style=MathScript},{Size=-6,Font=latinmodern-math.otf,Style=MathScri
ptScript}},BoldFont={latinmodern-math.otf},ScaleAgain=1.0001,FontAdjustment={\f
ontdimen
(fontspec)             8\font =6.77pt\relax \fontdimen 9\font =3.94pt\relax
(fontspec)             \fontdimen 10\font =4.44pt\relax \fontdimen 11\font
(fontspec)             =6.86pt\relax \fontdimen 12\font =3.45pt\relax
(fontspec)             \fontdimen 13\font =3.63pt\relax \fontdimen 14\font
(fontspec)             =3.63pt\relax \fontdimen 15\font =2.89pt\relax
(fontspec)             \fontdimen 16\font =2.47pt\relax \fontdimen 17\font
(fontspec)             =2.47pt\relax \fontdimen 18\font =2.5pt\relax
(fontspec)             \fontdimen 19\font =2.0pt\relax \fontdimen 22\font
(fontspec)             =2.5pt\relax \fontdimen 20\font =0pt\relax \fontdimen
(fontspec)             21\font =0pt\relax }].
(fontspec)              
(fontspec)              This font family consists of the following NFSS
(fontspec)             series/shapes:
(fontspec)              
(fontspec)             - 'normal' (m/n) with NFSS spec.:
(fontspec)             <8.5->s*[1.000096459334209]"[latinmodern-math.otf]/OT:sc
ript=math;language=dflt;"<6-8.5>s*[1.000096459334209]"[latinmodern-math.otf]/OT
:script=math;language=dflt;+ssty=0;"<-6>s*[1.000096459334209]"[latinmodern-math
.otf]/OT:script=math;language=dflt;+ssty=1;"
(fontspec)             - 'small caps'  (m/sc) with NFSS spec.: 
(fontspec)             and font adjustment code:
(fontspec)             \fontdimen 8\font =6.77pt\relax \fontdimen 9\font
(fontspec)             =3.94pt\relax \fontdimen 10\font =4.44pt\relax
(fontspec)             \fontdimen 11\font =6.86pt\relax \fontdimen 12\font
(fontspec)             =3.45pt\relax \fontdimen 13\font =3.63pt\relax
(fontspec)             \fontdimen 14\font =3.63pt\relax \fontdimen 15\font
(fontspec)             =2.89pt\relax \fontdimen 16\font =2.47pt\relax
(fontspec)             \fontdimen 17\font =2.47pt\relax \fontdimen 18\font
(fontspec)             =2.5pt\relax \fontdimen 19\font =2.0pt\relax \fontdimen
(fontspec)             22\font =2.5pt\relax \fontdimen 20\font =0pt\relax
(fontspec)             \fontdimen 21\font =0pt\relax 
(fontspec)             - 'bold' (b/n) with NFSS spec.:
(fontspec)             <->s*[1.000096459334209]"[latinmodern-math.otf]/OT:scrip
t=math;language=dflt;"
(fontspec)             - 'bold small caps'  (b/sc) with NFSS spec.: 
(fontspec)             and font adjustment code:
(fontspec)             \fontdimen 8\font =6.77pt\relax \fontdimen 9\font
(fontspec)             =3.94pt\relax \fontdimen 10\font =4.44pt\relax
(fontspec)             \fontdimen 11\font =6.86pt\relax \fontdimen 12\font
(fontspec)             =3.45pt\relax \fontdimen 13\font =3.63pt\relax
(fontspec)             \fontdimen 14\font =3.63pt\relax \fontdimen 15\font
(fontspec)             =2.89pt\relax \fontdimen 16\font =2.47pt\relax
(fontspec)             \fontdimen 17\font =2.47pt\relax \fontdimen 18\font
(fontspec)             =2.5pt\relax \fontdimen 19\font =2.0pt\relax \fontdimen
(fontspec)             22\font =2.5pt\relax \fontdimen 20\font =0pt\relax
(fontspec)             \fontdimen 21\font =0pt\relax 

LaTeX Font Info:    Encoding `OMS' has changed to `TU' for symbol font
(Font)              `symbols' in the math version `normal' on input line 162.
LaTeX Font Info:    Overwriting symbol font `symbols' in version `normal'
(Font)                  OMS/lmsy/m/n --> TU/latinmodern-math.otf(2)/m/n on inpu
t line 162.
LaTeX Font Info:    Encoding `OMS' has changed to `TU' for symbol font
(Font)              `symbols' in the math version `bold' on input line 162.
LaTeX Font Info:    Overwriting symbol font `symbols' in version `bold'
(Font)                  OMS/lmsy/b/n --> TU/latinmodern-math.otf(2)/b/n on inpu
t line 162.

Package fontspec Info: latinmodern-math scale = 0.9999964596882403.


Package fontspec Info: latinmodern-math scale = 0.9998964600422715.


Package fontspec Info: latinmodern-math scale = 0.9999964596882403.


Package fontspec Info: latinmodern-math scale = 0.9998964600422715.


Package fontspec Info: latinmodern-math scale = 0.9999964596882403.


Package fontspec Info: latinmodern-math scale = 0.9998964600422715.


Package fontspec Info: latinmodern-math scale = 0.9999964596882403.


Package fontspec Info: latinmodern-math scale = 0.9998964600422715.


Package fontspec Info: latinmodern-math scale = 0.9999964596882403.


Package fontspec Info: latinmodern-math scale = 0.9998964600422715.


Package fontspec Info: Font family 'latinmodern-math.otf(3)' created for font
(fontspec)             'latinmodern-math.otf' with options
(fontspec)             [Scale=MatchLowercase,BoldItalicFont={},ItalicFont={},Sm
allCapsFont={},Script=Math,SizeFeatures={{Size=8.5-},{Size=6-8.5,Font=latinmode
rn-math.otf,Style=MathScript},{Size=-6,Font=latinmodern-math.otf,Style=MathScri
ptScript}},BoldFont={latinmodern-math.otf},ScaleAgain=0.9999,FontAdjustment={\f
ontdimen
(fontspec)             8\font =0.4pt\relax \fontdimen 9\font =2.0pt\relax
(fontspec)             \fontdimen 10\font =1.67pt\relax \fontdimen 11\font
(fontspec)             =1.11pt\relax \fontdimen 12\font =6.0pt\relax
(fontspec)             \fontdimen 13\font =0pt\relax }].
(fontspec)              
(fontspec)              This font family consists of the following NFSS
(fontspec)             series/shapes:
(fontspec)              
(fontspec)             - 'normal' (m/n) with NFSS spec.:
(fontspec)             <8.5->s*[0.9998964600422715]"[latinmodern-math.otf]/OT:s
cript=math;language=dflt;"<6-8.5>s*[0.9998964600422715]"[latinmodern-math.otf]/
OT:script=math;language=dflt;+ssty=0;"<-6>s*[0.9998964600422715]"[latinmodern-m
ath.otf]/OT:script=math;language=dflt;+ssty=1;"
(fontspec)             - 'small caps'  (m/sc) with NFSS spec.: 
(fontspec)             and font adjustment code:
(fontspec)             \fontdimen 8\font =0.4pt\relax \fontdimen 9\font
(fontspec)             =2.0pt\relax \fontdimen 10\font =1.67pt\relax
(fontspec)             \fontdimen 11\font =1.11pt\relax \fontdimen 12\font
(fontspec)             =6.0pt\relax \fontdimen 13\font =0pt\relax 
(fontspec)             - 'bold' (b/n) with NFSS spec.:
(fontspec)             <->s*[0.9998964600422715]"[latinmodern-math.otf]/OT:scri
pt=math;language=dflt;"
(fontspec)             - 'bold small caps'  (b/sc) with NFSS spec.: 
(fontspec)             and font adjustment code:
(fontspec)             \fontdimen 8\font =0.4pt\relax \fontdimen 9\font
(fontspec)             =2.0pt\relax \fontdimen 10\font =1.67pt\relax
(fontspec)             \fontdimen 11\font =1.11pt\relax \fontdimen 12\font
(fontspec)             =6.0pt\relax \fontdimen 13\font =0pt\relax 

LaTeX Font Info:    Encoding `OMX' has changed to `TU' for symbol font
(Font)              `largesymbols' in the math version `normal' on input line 1
62.
LaTeX Font Info:    Overwriting symbol font `largesymbols' in version `normal'
(Font)                  OMX/lmex/m/n --> TU/latinmodern-math.otf(3)/m/n on inpu
t line 162.
LaTeX Font Info:    Encoding `OMX' has changed to `TU' for symbol font
(Font)              `largesymbols' in the math version `bold' on input line 162
.
LaTeX Font Info:    Overwriting symbol font `largesymbols' in version `bold'
(Font)                  OMX/lmex/m/n --> TU/latinmodern-math.otf(3)/b/n on inpu
t line 162.

Package unicode-math Warning: Using \overbracket and \underbracket from
(unicode-math)                `mathtools' package.
(unicode-math)                 
(unicode-math)                 Use \Uoverbracket and \Uunderbracket for
(unicode-math)                original `unicode-math' definition.


Package unicode-math Warning: I'm going to overwrite the following commands
(unicode-math)                from the `mathtools' package: 
(unicode-math)                 
(unicode-math)                     \dblcolon, \coloneqq, \Coloneqq, \eqqcolon.
(unicode-math)                
(unicode-math)                 
(unicode-math)                 Note that since I won't overwrite the other
(unicode-math)                colon-like commands, using them will lead to
(unicode-math)                inconsistencies.

LaTeX Info: Redefining \microtypecontext on input line 162.
Package microtype Info: Character protrusion enabled (level 2).
Package microtype Info: Using protrusion set `basicmath'.
Package microtype Info: No adjustment of tracking.
Package microtype Info: No adjustment of spacing.
Package microtype Info: No adjustment of kerning.
(/usr/share/texlive/texmf-dist/tex/latex/microtype/mt-LatinModernRoman.cfg
File: mt-LatinModernRoman.cfg 2013/03/13 v1.0 microtype config. file: Latin Mod
ern Roman (RS)
)
\AtBeginShipoutBox=\box69
Package hyperref Info: Link coloring OFF on input line 162.
(/usr/share/texlive/texmf-dist/tex/latex/hyperref/nameref.sty
Package: nameref 2019/09/16 v2.46 Cross-referencing by name of section
(/usr/share/texlive/texmf-dist/tex/latex/refcount/refcount.sty
Package: refcount 2019/12/15 v3.6 Data extraction from label references (HO)
) (/usr/share/texlive/texmf-dist/tex/generic/gettitlestring/gettitlestring.sty
Package: gettitlestring 2019/12/15 v1.6 Cleanup title references (HO)
)
\c@section@level=\count325
)
LaTeX Info: Redefining \ref on input line 162.
LaTeX Info: Redefining \pageref on input line 162.
LaTeX Info: Redefining \nameref on input line 162.
LaTeX Font Info:    Font shape `TU/latinmodern-math.otf(1)/m/n' will be
(Font)              scaled to size 12.0pt on input line 164.
LaTeX Font Info:    Font shape `TU/latinmodern-math.otf(1)/m/n' will be
(Font)              scaled to size 8.0pt on input line 164.
LaTeX Font Info:    Font shape `TU/latinmodern-math.otf(1)/m/n' will be
(Font)              scaled to size 6.0pt on input line 164.
LaTeX Font Info:    Trying to load font information for OML+lmm on input line 1
64.
(/usr/share/texmf/tex/latex/lm/omllmm.fd
File: omllmm.fd 2009/10/30 v1.6 Font defs for Latin Modern
)
LaTeX Font Info:    Font shape `TU/latinmodern-math.otf(2)/m/n' will be
(Font)              scaled to size 12.0011pt on input line 164.
LaTeX Font Info:    Font shape `TU/latinmodern-math.otf(2)/m/n' will be
(Font)              scaled to size 8.00073pt on input line 164.
LaTeX Font Info:    Font shape `TU/latinmodern-math.otf(2)/m/n' will be
(Font)              scaled to size 6.00055pt on input line 164.
LaTeX Font Info:    Font shape `TU/latinmodern-math.otf(3)/m/n' will be
(Font)              scaled to size 11.99872pt on input line 164.
LaTeX Font Info:    Font shape `TU/latinmodern-math.otf(3)/m/n' will be
(Font)              scaled to size 7.99915pt on input line 164.
LaTeX Font Info:    Font shape `TU/latinmodern-math.otf(3)/m/n' will be
(Font)              scaled to size 5.99936pt on input line 164.
LaTeX Font Info:    Trying to load font information for U+msa on input line 164
.
(/usr/share/texlive/texmf-dist/tex/latex/amsfonts/umsa.fd
File: umsa.fd 2013/01/14 v3.01 AMS symbols A
) (/usr/share/texlive/texmf-dist/tex/latex/microtype/mt-msa.cfg
File: mt-msa.cfg 2006/02/04 v1.1 microtype config. file: AMS symbols (a) (RS)
)
LaTeX Font Info:    Trying to load font information for U+msb on input line 164
.
(/usr/share/texlive/texmf-dist/tex/latex/amsfonts/umsb.fd
File: umsb.fd 2013/01/14 v3.01 AMS symbols B
) (/usr/share/texlive/texmf-dist/tex/latex/microtype/mt-msb.cfg
File: mt-msb.cfg 2005/06/01 v1.0 microtype config. file: AMS symbols (b) (RS)
) [1


] [2

] (./Svetunkov--2022----ADAM.toc
LaTeX Font Info:    Font shape `TU/latinmodern-math.otf(1)/m/n' will be
(Font)              scaled to size 7.0pt on input line 5.
LaTeX Font Info:    Font shape `TU/latinmodern-math.otf(1)/m/n' will be
(Font)              scaled to size 5.0pt on input line 5.
LaTeX Font Info:    Font shape `TU/latinmodern-math.otf(2)/m/n' will be
(Font)              scaled to size 10.00092pt on input line 5.
LaTeX Font Info:    Font shape `TU/latinmodern-math.otf(2)/m/n' will be
(Font)              scaled to size 7.00064pt on input line 5.
LaTeX Font Info:    Font shape `TU/latinmodern-math.otf(2)/m/n' will be
(Font)              scaled to size 5.00046pt on input line 5.
LaTeX Font Info:    Font shape `TU/latinmodern-math.otf(3)/m/n' will be
(Font)              scaled to size 9.99893pt on input line 5.
LaTeX Font Info:    Font shape `TU/latinmodern-math.otf(3)/m/n' will be
(Font)              scaled to size 6.99925pt on input line 5.
LaTeX Font Info:    Font shape `TU/latinmodern-math.otf(3)/m/n' will be
(Font)              scaled to size 4.99947pt on input line 5.
[3] [4] [5])
\tf@toc=\write4
\openout4 = `Svetunkov--2022----ADAM.toc'.

[6]
File: images/Adam-Title-web.jpg Graphic file (type bmp)
<images/Adam-Title-web.jpg>
[7

] [8]
LaTeX Font Info:    Font shape `TU/lmtt/bx/n' in size <10> not available
(Font)              Font shape `TU/lmtt/b/n' tried instead on input line 250.
[9] [10

]
Chapter 1.
[11] [12] [13] [14] [15]
File: Svetunkov--2022----ADAM_files/figure-latex/adamExampleNormal-1.pdf Graphi
c file (type pdf)
<use Svetunkov--2022----ADAM_files/figure-latex/adamExampleNormal-1.pdf>
[16] [17] [18] [19] [20]
Chapter 2.
[21

] [22] [23] [24] [25] [26]
File: Svetunkov--2022----ADAM_files/figure-latex/errorMeasuresrRMSEDist-1.pdf G
raphic file (type pdf)
<use Svetunkov--2022----ADAM_files/figure-latex/errorMeasuresrRMSEDist-1.pdf>
File: Svetunkov--2022----ADAM_files/figure-latex/errorMeasuresrRMSEDistLog-1.pd
f Graphic file (type pdf)
<use Svetunkov--2022----ADAM_files/figure-latex/errorMeasuresrRMSEDistLog-1.pdf
>
[27] [28] [29]
Overfull \vbox (0.1129pt too high) detected at line 841
 []

[30]

LaTeX Warning: Reference `fig:errorMeasuresFlowChart' on page 31 undefined on i
nput line 897.

File: ./images/errorMeasuresFlowChart.pdf Graphic file (type pdf)
<use ./images/errorMeasuresFlowChart.pdf>

Underfull \vbox (badness 3209) has occurred while \output is active []

[31] [32] [33]
File: ./images/03-ROAnimation.jpg Graphic file (type bmp)
<./images/03-ROAnimation.jpg>

LaTeX Warning: Reference `fig:ROProcessCO' on page 34 undefined on input line 9
46.

File: ./images/03-ROProcessCO.jpg Graphic file (type bmp)
<./images/03-ROProcessCO.jpg>

Underfull \vbox (badness 1184) has occurred while \output is active []

[34]

LaTeX Warning: Reference `fig:ROProcessNoCO' on page 35 undefined on input line
 950.

File: ./images/03-ROProcessNoCO.jpg Graphic file (type bmp)
<./images/03-ROProcessNoCO.jpg>

LaTeX Warning: Reference `fig:ROProcessCOCI' on page 35 undefined on input line
 954.

File: ./images/03-ROProcessCOCI.jpg Graphic file (type bmp)
<./images/03-ROProcessCOCI.jpg>

Underfull \vbox (badness 1389) has occurred while \output is active []

[35] [36] [37]
File: Svetunkov--2022----ADAM_files/figure-latex/roExample01-1.pdf Graphic file
 (type pdf)
<use Svetunkov--2022----ADAM_files/figure-latex/roExample01-1.pdf>

Underfull \hbox (badness 1859) in paragraph at lines 1079--1080
\TU/lmr/m/n/10 with explanatory variables and returning prediction intervals if
 needed.
 []


Underfull \hbox (badness 2608) in paragraph at lines 1079--1080
\TU/lmr/m/n/10 Some further examples are discussed in the vignette of the packa
ge:
 []

[38]
File: Svetunkov--2022----ADAM_files/figure-latex/roExample02-1.pdf Graphic file
 (type pdf)
<use Svetunkov--2022----ADAM_files/figure-latex/roExample02-1.pdf>
[39]
File: Svetunkov--2022----ADAM_files/figure-latex/smallCompetitionBoxplot-1.pdf 
Graphic file (type pdf)
<use Svetunkov--2022----ADAM_files/figure-latex/smallCompetitionBoxplot-1.pdf>
[40] [41]
File: Svetunkov--2022----ADAM_files/figure-latex/mcbForCompetition-1.pdf Graphi
c file (type pdf)
<use Svetunkov--2022----ADAM_files/figure-latex/mcbForCompetition-1.pdf>
[42]
File: Svetunkov--2022----ADAM_files/figure-latex/mcbForCompetitionLarge-1.pdf G
raphic file (type pdf)
<use Svetunkov--2022----ADAM_files/figure-latex/mcbForCompetitionLarge-1.pdf>
[43] [44]
Chapter 3.
File: Svetunkov--2022----ADAM_files/figure-latex/levelExample-1.pdf Graphic fil
e (type pdf)
<use Svetunkov--2022----ADAM_files/figure-latex/levelExample-1.pdf>
[45

]
File: Svetunkov--2022----ADAM_files/figure-latex/trendExample-1.pdf Graphic fil
e (type pdf)
<use Svetunkov--2022----ADAM_files/figure-latex/trendExample-1.pdf>
File: Svetunkov--2022----ADAM_files/figure-latex/seasonalExample-1.pdf Graphic 
file (type pdf)
<use Svetunkov--2022----ADAM_files/figure-latex/seasonalExample-1.pdf>
File: Svetunkov--2022----ADAM_files/figure-latex/allExample-1.pdf Graphic file 
(type pdf)
<use Svetunkov--2022----ADAM_files/figure-latex/allExample-1.pdf>

Underfull \vbox (badness 1629) has occurred while \output is active []

[46] [47] [48] [49] [50]
File: Svetunkov--2022----ADAM_files/figure-latex/decomposeAirPassengers-1.pdf G
raphic file (type pdf)
<use Svetunkov--2022----ADAM_files/figure-latex/decomposeAirPassengers-1.pdf>
[51]
File: Svetunkov--2022----ADAM_files/figure-latex/decomposeRandomNoise-1.pdf Gra
phic file (type pdf)
<use Svetunkov--2022----ADAM_files/figure-latex/decomposeRandomNoise-1.pdf>
[52] [53]
File: Svetunkov--2022----ADAM_files/figure-latex/naiveExample-1.pdf Graphic fil
e (type pdf)
<use Svetunkov--2022----ADAM_files/figure-latex/naiveExample-1.pdf>
[54]
File: Svetunkov--2022----ADAM_files/figure-latex/globalMeanExample-1.pdf Graphi
c file (type pdf)
<use Svetunkov--2022----ADAM_files/figure-latex/globalMeanExample-1.pdf>
[55] [56]
File: Svetunkov--2022----ADAM_files/figure-latex/SMAExample-1.pdf Graphic file 
(type pdf)
<use Svetunkov--2022----ADAM_files/figure-latex/SMAExample-1.pdf>

Underfull \vbox (badness 10000) has occurred while \output is active []

[57]
File: Svetunkov--2022----ADAM_files/figure-latex/RWDriftExample-1.pdf Graphic f
ile (type pdf)
<use Svetunkov--2022----ADAM_files/figure-latex/RWDriftExample-1.pdf>
[58]
File: Svetunkov--2022----ADAM_files/figure-latex/NaiveSeasonalExample-1.pdf Gra
phic file (type pdf)
<use Svetunkov--2022----ADAM_files/figure-latex/NaiveSeasonalExample-1.pdf>
[59]
File: Svetunkov--2022----ADAM_files/figure-latex/ETSTaxonomyAdditive-1.pdf Grap
hic file (type pdf)
<use Svetunkov--2022----ADAM_files/figure-latex/ETSTaxonomyAdditive-1.pdf>
File: Svetunkov--2022----ADAM_files/figure-latex/ETSTaxonomyMultiplicative-1.pd
f Graphic file (type pdf)
<use Svetunkov--2022----ADAM_files/figure-latex/ETSTaxonomyMultiplicative-1.pdf
>
[60] [61] [62]
Overfull \hbox (225.83757pt too wide) in paragraph at lines 1692--1760
 [][] 
 []


Overfull \hbox (290.51756pt too wide) in paragraph at lines 1767--1834
 [][] 
 []

[63] [64] [65]
Overfull \hbox (296.87918pt too wide) in paragraph at lines 1861--1936
 [][] 
 []

[66] [67] [68

]
Chapter 4.
[69]
File: Svetunkov--2022----ADAM_files/figure-latex/SESExample1-1.pdf Graphic file
 (type pdf)
<use Svetunkov--2022----ADAM_files/figure-latex/SESExample1-1.pdf>
[70]
File: Svetunkov--2022----ADAM_files/figure-latex/SESExample2-1.pdf Graphic file
 (type pdf)
<use Svetunkov--2022----ADAM_files/figure-latex/SESExample2-1.pdf>
File: Svetunkov--2022----ADAM_files/figure-latex/SESExamples-1.pdf Graphic file
 (type pdf)
<use Svetunkov--2022----ADAM_files/figure-latex/SESExamples-1.pdf>
File: Svetunkov--2022----ADAM_files/figure-latex/SESExampleNaive-1.pdf Graphic 
file (type pdf)
<use Svetunkov--2022----ADAM_files/figure-latex/SESExampleNaive-1.pdf>
File: Svetunkov--2022----ADAM_files/figure-latex/SESExample3-1.pdf Graphic file
 (type pdf)
<use Svetunkov--2022----ADAM_files/figure-latex/SESExample3-1.pdf>
[71] [72] [73]
File: Svetunkov--2022----ADAM_files/figure-latex/BrownExponentialExample-1.pdf 
Graphic file (type pdf)
<use Svetunkov--2022----ADAM_files/figure-latex/BrownExponentialExample-1.pdf>
[74] [75]
File: Svetunkov--2022----ADAM_files/figure-latex/DGPetsANNExample-1.pdf Graphic
 file (type pdf)
<use Svetunkov--2022----ADAM_files/figure-latex/DGPetsANNExample-1.pdf>
[76]
File: Svetunkov--2022----ADAM_files/figure-latex/ETSANNExample-1.pdf Graphic fi
le (type pdf)
<use Svetunkov--2022----ADAM_files/figure-latex/ETSANNExample-1.pdf>
[77]
File: Svetunkov--2022----ADAM_files/figure-latex/ETSANNExamplealpha0.1-1.pdf Gr
aphic file (type pdf)
<use Svetunkov--2022----ADAM_files/figure-latex/ETSANNExamplealpha0.1-1.pdf>
[78] [79]
File: Svetunkov--2022----ADAM_files/figure-latex/ETSMNNExample-1.pdf Graphic fi
le (type pdf)
<use Svetunkov--2022----ADAM_files/figure-latex/ETSMNNExample-1.pdf>
[80] [81] [82]
File: Svetunkov--2022----ADAM_files/figure-latex/ETSAANExample-1.pdf Graphic fi
le (type pdf)
<use Svetunkov--2022----ADAM_files/figure-latex/ETSAANExample-1.pdf>

Overfull \hbox (105.04124pt too wide) has occurred while \output is active
\TU/lmr/m/sl/10 4.3.  SEVERAL EXAMPLES OF ETS AND RELATED EXPONENTIAL SMOOTHING
 METHODS \TU/lmr/m/n/10 83
 []

[83]
File: Svetunkov--2022----ADAM_files/figure-latex/ETSAANExampleForecast-1.pdf Gr
aphic file (type pdf)
<use Svetunkov--2022----ADAM_files/figure-latex/ETSAANExampleForecast-1.pdf>
[84]
File: Svetunkov--2022----ADAM_files/figure-latex/ETSAAdNExample-1.pdf Graphic f
ile (type pdf)
<use Svetunkov--2022----ADAM_files/figure-latex/ETSAAdNExample-1.pdf>

Underfull \hbox (badness 5817) in paragraph at lines 2422--2423
[]\TU/lmr/m/n/10 Visually it is typically challenging to distinguish ETS(A,A,N)
 from
 []


Underfull \vbox (badness 5939) has occurred while \output is active []


Overfull \hbox (105.04124pt too wide) has occurred while \output is active
\TU/lmr/m/sl/10 4.3.  SEVERAL EXAMPLES OF ETS AND RELATED EXPONENTIAL SMOOTHING
 METHODS \TU/lmr/m/n/10 85
 []

[85]
File: Svetunkov--2022----ADAM_files/figure-latex/ETSAAdNExampleForecast-1.pdf G
raphic file (type pdf)
<use Svetunkov--2022----ADAM_files/figure-latex/ETSAAdNExampleForecast-1.pdf>
[86]
File: Svetunkov--2022----ADAM_files/figure-latex/ETSAAMExample-1.pdf Graphic fi
le (type pdf)
<use Svetunkov--2022----ADAM_files/figure-latex/ETSAAMExample-1.pdf>
File: Svetunkov--2022----ADAM_files/figure-latex/ETSAAMExampleForecast-1.pdf Gr
aphic file (type pdf)
<use Svetunkov--2022----ADAM_files/figure-latex/ETSAAMExampleForecast-1.pdf>

Overfull \hbox (105.04124pt too wide) has occurred while \output is active
\TU/lmr/m/sl/10 4.3.  SEVERAL EXAMPLES OF ETS AND RELATED EXPONENTIAL SMOOTHING
 METHODS \TU/lmr/m/n/10 87
 []

[87] [88] [89] [90] [91] [92] [93] [94

]
Chapter 5.

Underfull \vbox (badness 10000) has occurred while \output is active []

[95] [96] [97] [98] [99] [100] [101]
Underfull \hbox (badness 1371) in paragraph at lines 2918--2921
[]\TU/lmr/m/n/10 Log Normal: $[] [] [][] []$, implying that $[][] []
 []

[102]
File: Svetunkov--2022----ADAM_files/figure-latex/BJsalesDataPlot-1.pdf Graphic 
file (type pdf)
<use Svetunkov--2022----ADAM_files/figure-latex/BJsalesDataPlot-1.pdf>
[103]
File: Svetunkov--2022----ADAM_files/figure-latex/BJsalesAANForecast-1.pdf Graph
ic file (type pdf)
<use Svetunkov--2022----ADAM_files/figure-latex/BJsalesAANForecast-1.pdf>
[104]
File: Svetunkov--2022----ADAM_files/figure-latex/BJsalesAANForecastAdmissible-1
.pdf Graphic file (type pdf)
<use Svetunkov--2022----ADAM_files/figure-latex/BJsalesAANForecastAdmissible-1.
pdf>
[105]
Overfull \hbox (38.25pt too wide) in paragraph at lines 3105--3105
[]\TU/lmtt/m/n/10 ## Distribution assumed in the model: Generalised Normal with
 shape=1.741[] 
 []

[106]
File: Svetunkov--2022----ADAM_files/figure-latex/BJsalesAANForecastGN-1.pdf Gra
phic file (type pdf)
<use Svetunkov--2022----ADAM_files/figure-latex/BJsalesAANForecastGN-1.pdf>
File: Svetunkov--2022----ADAM_files/figure-latex/AirPassengersPlot-1.pdf Graphi
c file (type pdf)
<use Svetunkov--2022----ADAM_files/figure-latex/AirPassengersPlot-1.pdf>
[107]
Underfull \vbox (badness 1681) has occurred while \output is active []

[108]
File: Svetunkov--2022----ADAM_files/figure-latex/AirPassengersAAAForecast-1.pdf
 Graphic file (type pdf)
<use Svetunkov--2022----ADAM_files/figure-latex/AirPassengersAAAForecast-1.pdf>

File: Svetunkov--2022----ADAM_files/figure-latex/AirPassengersAAADecomposition-
1.pdf Graphic file (type pdf)
<use Svetunkov--2022----ADAM_files/figure-latex/AirPassengersAAADecomposition-1
.pdf>
[109] [110]
Chapter 6.

Underfull \vbox (badness 4048) has occurred while \output is active []

[111

] [112]
Overfull \hbox (4.15662pt too wide) detected at line 3280
[][][][] [] [] [] []
 []

[113]
Overfull \hbox (14.9667pt too wide) detected at line 3314
[][][][]
 []

[114] [115] [116]
Overfull \hbox (13.95453pt too wide) has occurred while \output is active
\TU/lmr/m/sl/10 6.5.  DISTRIBUTIONAL ASSUMPTIONS IN PURE MULTIPLICATIVE ETS \TU
/lmr/m/n/10 117
 []

[117] [118]
File: Svetunkov--2022----ADAM_files/figure-latex/BJSalesadamETSMMN-1.pdf Graphi
c file (type pdf)
<use Svetunkov--2022----ADAM_files/figure-latex/BJSalesadamETSMMN-1.pdf>
[119]
File: Svetunkov--2022----ADAM_files/figure-latex/BJSalesadamETSMMNForecast-1.pd
f Graphic file (type pdf)
<use Svetunkov--2022----ADAM_files/figure-latex/BJSalesadamETSMMNForecast-1.pdf
>
[120] [121]
File: Svetunkov--2022----ADAM_files/figure-latex/AirPassengersMMMForecast-1.pdf
 Graphic file (type pdf)
<use Svetunkov--2022----ADAM_files/figure-latex/AirPassengersMMMForecast-1.pdf>


Underfull \vbox (badness 2103) has occurred while \output is active []

[122]
Overfull \hbox (33.0pt too wide) in paragraph at lines 3611--3611
[]\TU/lmtt/m/n/10 ##            ME           MAE           MSE           MPE   
       MAPE[] 
 []


Overfull \hbox (33.0pt too wide) in paragraph at lines 3611--3611
[]\TU/lmtt/m/n/10 ##  -6.273144614  15.525728946 489.554730066  -0.017746126   
0.033946865[] 
 []


Overfull \hbox (33.0pt too wide) in paragraph at lines 3611--3611
[]\TU/lmtt/m/n/10 ##           sCE          sMAE          sMSE          MASE   
      RMSSE[] 
 []


Overfull \hbox (33.0pt too wide) in paragraph at lines 3611--3611
[]\TU/lmtt/m/n/10 ##  -0.286780602   0.059147341   0.007105059   0.644649918   
0.706172374[] 
 []


Overfull \hbox (33.0pt too wide) in paragraph at lines 3611--3611
[]\TU/lmtt/m/n/10 ##          rMAE         rRMSE          rAME     asymmetry   
       sPIS[] 
 []


Overfull \hbox (33.0pt too wide) in paragraph at lines 3611--3611
[]\TU/lmtt/m/n/10 ##   0.204285907   0.214863355   0.088147231  -0.276798620   
2.320462645[] 
 []


Overfull \hbox (33.0pt too wide) in paragraph at lines 3628--3628
[]\TU/lmtt/m/n/10 ##            ME           MAE           MSE           MPE   
       MAPE[] 
 []


Overfull \hbox (33.0pt too wide) in paragraph at lines 3628--3628
[]\TU/lmtt/m/n/10 ##   28.36910729   37.11462699 2442.64739763    0.04881281   
 0.07053896[] 
 []


Overfull \hbox (33.0pt too wide) in paragraph at lines 3628--3628
[]\TU/lmtt/m/n/10 ##           sCE          sMAE          sMSE          MASE   
      RMSSE[] 
 []


Overfull \hbox (33.0pt too wide) in paragraph at lines 3628--3628
[]\TU/lmtt/m/n/10 ##    1.29691091    0.14139314    0.03545090    1.54105107   
 1.57739510[] 
 []


Overfull \hbox (33.0pt too wide) in paragraph at lines 3628--3628
[]\TU/lmtt/m/n/10 ##          rMAE         rRMSE          rAME     asymmetry   
       sPIS[] 
 []


Overfull \hbox (33.0pt too wide) in paragraph at lines 3628--3628
[]\TU/lmtt/m/n/10 ##    0.48835036    0.47994571    0.39862914    0.69383499   
-7.31044007[] 
 []

File: Svetunkov--2022----ADAM_files/figure-latex/AirPassengersMMMDecomposition-
1.pdf Graphic file (type pdf)
<use Svetunkov--2022----ADAM_files/figure-latex/AirPassengersMMMDecomposition-1
.pdf>
File: Svetunkov--2022----ADAM_files/figure-latex/AirPassengersMMMACFPACF-1.pdf 
Graphic file (type pdf)
<use Svetunkov--2022----ADAM_files/figure-latex/AirPassengersMMMACFPACF-1.pdf>
[123] [124]
Chapter 7.
[125

] [126] [127] [128]

LaTeX Warning: Reference `(' on page 129 undefined on input line 3775.

File: Svetunkov--2022----ADAM_files/figure-latex/plotsOfExponent-1.pdf Graphic 
file (type pdf)
<use Svetunkov--2022----ADAM_files/figure-latex/plotsOfExponent-1.pdf>
[129] [130]
Overfull \hbox (4.2545pt too wide) in paragraph at lines 3845--3846
[]\TU/lmr/m/n/10 Note that we do not consider the situation $[][] [] [] [] [][]
 [] [][] []$
 []

[131] [132]
Chapter 8.
[133

] [134]
File: Svetunkov--2022----ADAM_files/figure-latex/AR1Trajectory-1.pdf Graphic fi
le (type pdf)
<use Svetunkov--2022----ADAM_files/figure-latex/AR1Trajectory-1.pdf>
[135]
File: Svetunkov--2022----ADAM_files/figure-latex/AR3Trajectory-1.pdf Graphic fi
le (type pdf)
<use Svetunkov--2022----ADAM_files/figure-latex/AR3Trajectory-1.pdf>
[136] [137] [138]
File: Svetunkov--2022----ADAM_files/figure-latex/ARMAConstantTrajectory-1.pdf G
raphic file (type pdf)
<use Svetunkov--2022----ADAM_files/figure-latex/ARMAConstantTrajectory-1.pdf>
[139] [140] [141] [142] [143] [144] [145]
File: Svetunkov--2022----ADAM_files/figure-latex/SARIMATrajectory-1.pdf Graphic
 file (type pdf)
<use Svetunkov--2022----ADAM_files/figure-latex/SARIMATrajectory-1.pdf>
[146]
File: Svetunkov--2022----ADAM_files/figure-latex/SARIMAConstantTrajectory-1.pdf
 Graphic file (type pdf)
<use Svetunkov--2022----ADAM_files/figure-latex/SARIMAConstantTrajectory-1.pdf>

[147]
File: Svetunkov--2022----ADAM_files/figure-latex/SARIMADiffConstantTrajectory-1
.pdf Graphic file (type pdf)
<use Svetunkov--2022----ADAM_files/figure-latex/SARIMADiffConstantTrajectory-1.
pdf>
[148] [149] [150]
Underfull \vbox (badness 1377) has occurred while \output is active []

[151]
File: Svetunkov--2022----ADAM_files/figure-latex/ACFExampleAR1-1.pdf Graphic fi
le (type pdf)
<use Svetunkov--2022----ADAM_files/figure-latex/ACFExampleAR1-1.pdf>

Overfull \hbox (4.19957pt too wide) detected at line 4519
[][][][] [] [][][][][] [][][] [] [][][][][][] [] [][][] [][][][] [] [][][] [] [
][][][][][][] [][][] [] [][][][][]
 []

[152] [153] [154]
File: ./images/09-Sarah.jpeg Graphic file (type bmp)
<./images/09-Sarah.jpeg>
[155] [156]
Underfull \vbox (badness 1609) has occurred while \output is active []

[157]
File: Svetunkov--2022----ADAM_files/figure-latex/ETSARIMAConnection-1.pdf Graph
ic file (type pdf)
<use Svetunkov--2022----ADAM_files/figure-latex/ETSARIMAConnection-1.pdf>
[158] [159] [160]
File: Svetunkov--2022----ADAM_files/figure-latex/BJSalesPlot-1.pdf Graphic file
 (type pdf)
<use Svetunkov--2022----ADAM_files/figure-latex/BJSalesPlot-1.pdf>

Overfull \vbox (0.65388pt too high) detected at line 4774
 []

[161]
File: Svetunkov--2022----ADAM_files/figure-latex/adamARIMAPlotBJSales-1.pdf Gra
phic file (type pdf)
<use Svetunkov--2022----ADAM_files/figure-latex/adamARIMAPlotBJSales-1.pdf>
[162]
File: Svetunkov--2022----ADAM_files/figure-latex/adamARIMAPlotBJSalesACFPACF-1.
pdf Graphic file (type pdf)
<use Svetunkov--2022----ADAM_files/figure-latex/adamARIMAPlotBJSalesACFPACF-1.p
df>
[163] [164]
Overfull \hbox (59.25pt too wide) in paragraph at lines 4890--4890
[]\TU/lmtt/m/n/10 ## SARIMA(0,2,2)(0,1,1)[12] SARIMA(0,2,2)(1,1,1)[12] SARIMA(0
,2,2)(1,1,0)[12][] 
 []


Overfull \hbox (59.25pt too wide) in paragraph at lines 4890--4890
[]\TU/lmtt/m/n/10 ##                 1028.828                 1078.016         
        1086.773[] 
 []

File: Svetunkov--2022----ADAM_files/figure-latex/adamSARIMAPlotAir-1.pdf Graphi
c file (type pdf)
<use Svetunkov--2022----ADAM_files/figure-latex/adamSARIMAPlotAir-1.pdf>

Underfull \hbox (badness 1394) in paragraph at lines 4921--4922
\TU/lmr/m/n/10 is more appropriate to the data in terms of information criteria
 than
 []

File: Svetunkov--2022----ADAM_files/figure-latex/adamETSPlotAirACFPACF-1.pdf Gr
aphic file (type pdf)
<use Svetunkov--2022----ADAM_files/figure-latex/adamETSPlotAirACFPACF-1.pdf>
[165] [166]
Chapter 9.

Underfull \vbox (badness 3590) has occurred while \output is active []

[167

]
Underfull \vbox (badness 10000) has occurred while \output is active []

[168] [169] [170] [171] [172] [173]
Overfull \hbox (8.98532pt too wide) detected at line 5183
[][][][] [] [][][] [][][][][] [] [] [] [] [][] [] [] [][]
 []


Overfull \hbox (9.71773pt too wide) detected at line 5188
[][][][] [] [][][] [][][][][] [] [] [][][]
 []

[174]
Underfull \hbox (badness 10000) in paragraph at lines 5229--5229
[]\TU/lmr/bx/n/14.4 Distributional assumptions of ADAM
 []

[175] [176]
Underfull \hbox (badness 1147) in paragraph at lines 5311--5312
[]\TU/lmr/m/n/10 ADAM introduces the flexibility necessary for fitting any ETS+
ARIMA
 []

[177]
Underfull \hbox (badness 1189) in paragraph at lines 5386--5387
\TU/lmr/m/n/10 This is because the multiplicative ETS (Section []6.1[]) and mul
tiplicative
 []


Underfull \hbox (badness 1603) in paragraph at lines 5386--5387
\TU/lmr/m/n/10 ARIMA (Section []9.1.4[]) are formulated differently. An example
 is an
 []

[178] [179]
File: Svetunkov--2022----ADAM_files/figure-latex/unnamed-chunk-49-1.pdf Graphic
 file (type pdf)
<use Svetunkov--2022----ADAM_files/figure-latex/unnamed-chunk-49-1.pdf>
[180]
File: Svetunkov--2022----ADAM_files/figure-latex/logSARIMAACF-1.pdf Graphic fil
e (type pdf)
<use Svetunkov--2022----ADAM_files/figure-latex/logSARIMAACF-1.pdf>
File: Svetunkov--2022----ADAM_files/figure-latex/logSARIMAForecast-1.pdf Graphi
c file (type pdf)
<use Svetunkov--2022----ADAM_files/figure-latex/logSARIMAForecast-1.pdf>
[181] [182]
Overfull \hbox (17.25pt too wide) in paragraph at lines 5567--5567
[]\TU/lmtt/m/n/10 ## Model estimated using adam() function: SARIMA(0,1,1)[1](0,
1,1)[12][] 
 []

[183] [184

]
Chapter 10.
[185] [186]
Underfull \vbox (badness 1325) has occurred while \output is active []

[187] [188]
Overfull \hbox (1.65996pt too wide) detected at line 5709
[][][][][]
 []

[189] [190] [191] [192]
LaTeX Font Info:    Font shape `TU/latinmodern-math.otf(1)/b/n' will be
(Font)              scaled to size 10.0pt on input line 5859.
LaTeX Font Info:    Font shape `TU/latinmodern-math.otf(1)/b/n' will be
(Font)              scaled to size 7.0pt on input line 5859.
LaTeX Font Info:    Font shape `TU/latinmodern-math.otf(1)/b/n' will be
(Font)              scaled to size 5.0pt on input line 5859.
LaTeX Font Info:    Font shape `TU/latinmodern-math.otf(2)/b/n' will be
(Font)              scaled to size 10.00092pt on input line 5859.
LaTeX Font Info:    Font shape `TU/latinmodern-math.otf(2)/b/n' will be
(Font)              scaled to size 7.00064pt on input line 5859.
LaTeX Font Info:    Font shape `TU/latinmodern-math.otf(2)/b/n' will be
(Font)              scaled to size 5.00046pt on input line 5859.
LaTeX Font Info:    Font shape `TU/latinmodern-math.otf(3)/b/n' will be
(Font)              scaled to size 9.99893pt on input line 5859.
LaTeX Font Info:    Font shape `TU/latinmodern-math.otf(3)/b/n' will be
(Font)              scaled to size 6.99925pt on input line 5859.
LaTeX Font Info:    Font shape `TU/latinmodern-math.otf(3)/b/n' will be
(Font)              scaled to size 4.99947pt on input line 5859.
[193] [194]
Underfull \hbox (badness 6675) in paragraph at lines 5896--5896
[]\TU/lmr/bx/n/14.4 Dealing with categorical variables in
 []

[195]
Overfull \hbox (22.06195pt too wide) detected at line 5921
[][][][][]
 []

[196]
File: Svetunkov--2022----ADAM_files/figure-latex/Seatbelts-1.pdf Graphic file (
type pdf)
<use Svetunkov--2022----ADAM_files/figure-latex/Seatbelts-1.pdf>
File: Svetunkov--2022----ADAM_files/figure-latex/SeatbeltsForecast-1.pdf Graphi
c file (type pdf)
<use Svetunkov--2022----ADAM_files/figure-latex/SeatbeltsForecast-1.pdf>
[197] [198]
File: Svetunkov--2022----ADAM_files/figure-latex/driversSpread-1.pdf Graphic fi
le (type pdf)
<use Svetunkov--2022----ADAM_files/figure-latex/driversSpread-1.pdf>
[199]
File: Svetunkov--2022----ADAM_files/figure-latex/SeatbeltsForecastX-1.pdf Graph
ic file (type pdf)
<use Svetunkov--2022----ADAM_files/figure-latex/SeatbeltsForecastX-1.pdf>
[200] [201] [202] [203] [204

]
Chapter 11.
[205]
Overfull \hbox (356.8667pt too wide) in paragraph at lines 6233--6257
 [][] 
 []

[206]
Overfull \hbox (345.79643pt too wide) in paragraph at lines 6285--6312
 [][] 
 []


LaTeX Warning: Float too large for page by 4.50967pt on input line 6312.


Underfull \hbox (badness 1430) in paragraph at lines 6320--6322
[]$[]$ \TU/lmr/m/n/10  \TU/lmtt/m/n/10 dnorm(x=actuals, mean=fitted, sd=scale,
  log=TRUE) \TU/lmr/m/n/10 from
 []


Overfull \hbox (3.36998pt too wide) in paragraph at lines 6322--6324
[]$[][][][][][][]$ \TU/lmr/m/n/10  \TU/lmtt/m/n/10 dlaplace(q=actuals, mu=fitt
ed, scale=scale, log=TRUE)
 []


Underfull \hbox (badness 10000) in paragraph at lines 6324--6326
[]$[]$ \TU/lmr/m/n/10  \TU/lmtt/m/n/10 ds(q=actuals, mu=fitted, scale=scale, l
og=TRUE) \TU/lmr/m/n/10 from
 []


Underfull \hbox (badness 10000) in paragraph at lines 6326--6328
[]$[][]$ \TU/lmr/m/n/10  \TU/lmtt/m/n/10 dgnorm(x=actuals, mu=fitted, alpha=sc
ale, beta=beta,
 []

[207] [208] [209]
Overfull \hbox (6.99pt too wide) in paragraph at lines 6328--6330
[]$[][]$ \TU/lmr/m/n/10  \TU/lmtt/m/n/10 dinvgauss(x=actuals, mean=fitted, dis
persion=scale/fitted,
 []


Overfull \hbox (6.29001pt too wide) in paragraph at lines 6330--6332
[]\TU/lmr/m/n/10 log$[]$  \TU/lmtt/m/n/10 dlnorm(x=actuals, meanlog=fitted-sca
le^2/2, sdlog=scale,
 []


Overfull \hbox (0.15001pt too wide) in paragraph at lines 6341--6343
[]$[]$ \TU/lmr/m/n/10  \TU/lmtt/m/n/10 dnorm(x=actuals, mean=fitted, sd=scale*
fitted,  log=TRUE)\TU/lmr/m/n/10 ; 
 []


Underfull \hbox (badness 2837) in paragraph at lines 6343--6345
[]$[][][][][][][]$ \TU/lmr/m/n/10  \TU/lmtt/m/n/10 dlaplace(q=actuals, mu=fitt
ed, scale=scale*fitted,
 []


Underfull \hbox (badness 10000) in paragraph at lines 6345--6347
[]$[]$ \TU/lmr/m/n/10  \TU/lmtt/m/n/10 ds(q=actuals, mu=fitted, scale=scale*sq
rt(fitted),
 []


Underfull \hbox (badness 6173) in paragraph at lines 6347--6349
[]$[][]$ \TU/lmr/m/n/10  \TU/lmtt/m/n/10 dgnorm(x=actuals, mu=fitted, alpha=sc
ale*fitted^beta,
 []


Overfull \hbox (6.99pt too wide) in paragraph at lines 6349--6351
[]$[][]$ \TU/lmr/m/n/10  \TU/lmtt/m/n/10 dinvgauss(x=actuals, mean=fitted, dis
persion=scale/fitted,
 []


Overfull \hbox (6.29001pt too wide) in paragraph at lines 6351--6353
[]\TU/lmr/m/n/10 log$[]$  \TU/lmtt/m/n/10 dlnorm(x=actuals, meanlog=fitted-sca
le^2/2, sdlog=scale,
 []

[210]
Underfull \hbox (badness 10000) in paragraph at lines 6395--6396
\TU/lmtt/m/n/10 distribution=c("default", "dnorm", "dlaplace", "ds", "dgnorm",
 []

[211]
Underfull \vbox (badness 2189) has occurred while \output is active []

[212] [213] [214] [215]
Overfull \vbox (0.96994pt too high) detected at line 6611
 []

[216]
File: Svetunkov--2022----ADAM_files/figure-latex/adamModelsForecasts-1.pdf Grap
hic file (type pdf)
<use Svetunkov--2022----ADAM_files/figure-latex/adamModelsForecasts-1.pdf>
[217] [218] [219] [220]
Missing character: There is no  in font [lmroman10-bold]:mapping=tex-text;!
Missing character: There is no  in font [lmroman10-bold]:mapping=tex-text;!
[221] [222] [223] [224] [225]
Underfull \hbox (badness 1490) in paragraph at lines 6907--6909
[]\TU/lmr/m/n/10 ETS(M,A,N) is slightly easier to estimate than ETS(M,A,M) and
 []


Overfull \hbox (2.40001pt too wide) in paragraph at lines 6911--6913
[]\TU/lmr/m/n/10 Other models with multiplicative components (ETS(M,N,N), ETS(M
,N,A),
 []

[226] [227] [228] [229] [230]
Chapter 12.
[231

] [232] [233] [234]
Overfull \hbox (31.54454pt too wide) has occurred while \output is active
\TU/lmr/m/sl/10 12.3.  USING EXPLANATORY VARIABLES FOR MULTIPLE SEASONALITIES \
TU/lmr/m/n/10 235
 []

[235] [236]
File: Svetunkov--2022----ADAM_files/figure-latex/taylorSeries-1.pdf Graphic fil
e (type pdf)
<use Svetunkov--2022----ADAM_files/figure-latex/taylorSeries-1.pdf>
[237]
Underfull \vbox (badness 1248) has occurred while \output is active []

[238]
File: Svetunkov--2022----ADAM_files/figure-latex/adamModelETSMNM12-1.pdf Graphi
c file (type pdf)
<use Svetunkov--2022----ADAM_files/figure-latex/adamModelETSMNM12-1.pdf>
File: Svetunkov--2022----ADAM_files/figure-latex/adamModelETSMNM-1.pdf Graphic 
file (type pdf)
<use Svetunkov--2022----ADAM_files/figure-latex/adamModelETSMNM-1.pdf>
[239] [240]
Overfull \hbox (48.75pt too wide) in paragraph at lines 7296--7296
[]\TU/lmtt/m/n/10 ## Information criteria are unavailable for the chosen loss &
 distribution.[] 
 []

File: Svetunkov--2022----ADAM_files/figure-latex/adamModelETSMNMGTMSE12-1.pdf G
raphic file (type pdf)
<use Svetunkov--2022----ADAM_files/figure-latex/adamModelETSMNMGTMSE12-1.pdf>
[241]
Overfull \hbox (33.0pt too wide) in paragraph at lines 7359--7359
[]\TU/lmtt/m/n/10 ## Model estimated using adam() function: ETS(MNM)[48, 336]+A
RIMA(1,0,0)[] 
 []

[242] [243]
File: Svetunkov--2022----ADAM_files/figure-latex/adamModelETSXMNN12_1-1.pdf Gra
phic file (type pdf)
<use Svetunkov--2022----ADAM_files/figure-latex/adamModelETSXMNN12_1-1.pdf>
[244]
Overfull \hbox (48.75pt too wide) in paragraph at lines 7458--7458
[]\TU/lmtt/m/n/10 ## Information criteria are unavailable for the chosen loss &
 distribution.[] 
 []


Overfull \hbox (48.75pt too wide) in paragraph at lines 7490--7490
[]\TU/lmtt/m/n/10 ## Information criteria are unavailable for the chosen loss &
 distribution.[] 
 []

[245]
Overfull \hbox (22.5pt too wide) in paragraph at lines 7529--7529
[]\TU/lmtt/m/n/10 ## Model estimated using adam() function: SARIMA(0,1,1)[1](0,
1,1)[336][] 
 []

File: Svetunkov--2022----ADAM_files/figure-latex/adamModelARIMA-1.pdf Graphic f
ile (type pdf)
<use Svetunkov--2022----ADAM_files/figure-latex/adamModelARIMA-1.pdf>
[246] [247] [248

]
Chapter 13.
[249] [250]
File: Svetunkov--2022----ADAM_files/figure-latex/intermittentExamplePlot-1.pdf 
Graphic file (type pdf)
<use Svetunkov--2022----ADAM_files/figure-latex/intermittentExamplePlot-1.pdf>
[251] [252]
File: Svetunkov--2022----ADAM_files/figure-latex/oETSFModel-1.pdf Graphic file 
(type pdf)
<use Svetunkov--2022----ADAM_files/figure-latex/oETSFModel-1.pdf>

Underfull \vbox (badness 1152) has occurred while \output is active []

[253] [254]
File: Svetunkov--2022----ADAM_files/figure-latex/oETSOModel-1.pdf Graphic file 
(type pdf)
<use Svetunkov--2022----ADAM_files/figure-latex/oETSOModel-1.pdf>

Underfull \hbox (badness 1540) in paragraph at lines 7740--7740
[]\TU/lmr/m/n/10 Figure 13.3: [][]Demand occurrence and probability of occurren
ce in the
 []

[255] [256]
File: Svetunkov--2022----ADAM_files/figure-latex/oETSIModel-1.pdf Graphic file 
(type pdf)
<use Svetunkov--2022----ADAM_files/figure-latex/oETSIModel-1.pdf>

Underfull \hbox (badness 1540) in paragraph at lines 7811--7811
[]\TU/lmr/m/n/10 Figure 13.4: [][]Demand occurrence and probability of occurren
ce in the
 []

[257]
Overfull \hbox (23.4467pt too wide) detected at line 7853
[][][][] [] [][][][][][] [][][] [] []
 []

[258] [259]
File: Svetunkov--2022----ADAM_files/figure-latex/oETSGModel-1.pdf Graphic file 
(type pdf)
<use Svetunkov--2022----ADAM_files/figure-latex/oETSGModel-1.pdf>

Underfull \hbox (badness 1540) in paragraph at lines 7911--7911
[]\TU/lmr/m/n/10 Figure 13.5: [][]Demand occurrence and probability of occurren
ce in the
 []

[260]
Underfull \vbox (badness 1796) has occurred while \output is active []

[261] [262]
File: Svetunkov--2022----ADAM_files/figure-latex/oETSDModel-1.pdf Graphic file 
(type pdf)
<use Svetunkov--2022----ADAM_files/figure-latex/oETSDModel-1.pdf>

Underfull \hbox (badness 1540) in paragraph at lines 8041--8041
[]\TU/lmr/m/n/10 Figure 13.6: [][]Demand occurrence and probability of occurren
ce in the
 []

[263]
Underfull \vbox (badness 2426) has occurred while \output is active []

[264] [265] [266] [267] [268]
Overfull \hbox (130.95303pt too wide) in paragraph at lines 8252--8273
 [][] 
 []

[269] [270] [271]
Overfull \hbox (64.5pt too wide) in paragraph at lines 8353--8353
[]\TU/lmtt/m/n/10 ##         odds-ratio inverse-odds-ratio             direct  
          general[] 
 []


Overfull \hbox (64.5pt too wide) in paragraph at lines 8353--8353
[]\TU/lmtt/m/n/10 ##           359.5494           360.5085           354.4810  
         371.6503[] 
 []

File: Svetunkov--2022----ADAM_files/figure-latex/adamModelsiETSBest-1.pdf Graph
ic file (type pdf)
<use Svetunkov--2022----ADAM_files/figure-latex/adamModelsiETSBest-1.pdf>
[272] [273]
Overfull \hbox (38.25pt too wide) in paragraph at lines 8429--8429
[]\TU/lmtt/m/n/10 ## Distribution assumed in the model: Mixture of Bernoulli an
d Log-Normal[] 
 []


Overfull \hbox (96.0pt too wide) in paragraph at lines 8429--8429
[]\TU/lmtt/m/n/10 ## Asymmetry: -70.393%; sMSE: 46.286%; rRMSE: 1.071; sPIS: 31
96.961%; sCE: -386.317%[] 
 []

[274]
Overfull \hbox (12.0pt too wide) in paragraph at lines 8460--8460
[]\TU/lmtt/m/n/10 ## Distribution assumed in the model: Mixture of Bernoulli an
d Gamma[] 
 []


Overfull \hbox (96.0pt too wide) in paragraph at lines 8460--8460
[]\TU/lmtt/m/n/10 ## Asymmetry: -88.615%; sMSE: 53.438%; rRMSE: 1.151; sPIS: 37
24.208%; sCE: -546.114%[] 
 []

File: Svetunkov--2022----ADAM_files/figure-latex/adamiETSForecasts-1.pdf Graphi
c file (type pdf)
<use Svetunkov--2022----ADAM_files/figure-latex/adamiETSForecasts-1.pdf>
[275] [276] [277] [278

]
Chapter 14.
[279]
File: Svetunkov--2022----ADAM_files/figure-latex/adamModelSeat01-1.pdf Graphic 
file (type pdf)
<use Svetunkov--2022----ADAM_files/figure-latex/adamModelSeat01-1.pdf>
[280]
File: Svetunkov--2022----ADAM_files/figure-latex/carSeatsSpread-1.pdf Graphic f
ile (type pdf)
<use Svetunkov--2022----ADAM_files/figure-latex/carSeatsSpread-1.pdf>

Underfull \vbox (badness 10000) has occurred while \output is active []

[281]
Overfull \hbox (27.75pt too wide) in paragraph at lines 8654--8654
[]\TU/lmtt/m/n/10 ##               residuals DriversKilled  front   rear VanKil
led    law[] 
 []


Overfull \hbox (27.75pt too wide) in paragraph at lines 8654--8654
[]\TU/lmtt/m/n/10 ## residuals        1.0000        0.7826 0.6121 0.4811    0.2
751 0.1892[] 
 []


Overfull \hbox (27.75pt too wide) in paragraph at lines 8654--8654
[]\TU/lmtt/m/n/10 ## DriversKilled    0.7826        1.0000 0.7068 0.3534    0.4
070 0.3285[] 
 []


Overfull \hbox (27.75pt too wide) in paragraph at lines 8654--8654
[]\TU/lmtt/m/n/10 ## front            0.6121        0.7068 1.0000 0.6202    0.4
724 0.5624[] 
 []


Overfull \hbox (27.75pt too wide) in paragraph at lines 8654--8654
[]\TU/lmtt/m/n/10 ## rear             0.4811        0.3534 0.6202 1.0000    0.1
218 0.0291[] 
 []


Overfull \hbox (27.75pt too wide) in paragraph at lines 8654--8654
[]\TU/lmtt/m/n/10 ## VanKilled        0.2751        0.4070 0.4724 0.1218    1.0
000 0.3949[] 
 []


Overfull \hbox (27.75pt too wide) in paragraph at lines 8654--8654
[]\TU/lmtt/m/n/10 ## law              0.1892        0.3285 0.5624 0.0291    0.3
949 1.0000[] 
 []


Overfull \hbox (22.5pt too wide) in paragraph at lines 8654--8654
[]\TU/lmtt/m/n/10 ##               residuals DriversKilled front   rear VanKill
ed    law[] 
 []


Overfull \hbox (22.5pt too wide) in paragraph at lines 8654--8654
[]\TU/lmtt/m/n/10 ## residuals        0.0000             0     0 0.0000    0.00
01 0.0086[] 
 []


Overfull \hbox (22.5pt too wide) in paragraph at lines 8654--8654
[]\TU/lmtt/m/n/10 ## DriversKilled    0.0000             0     0 0.0000    0.00
00 0.0000[] 
 []


Overfull \hbox (22.5pt too wide) in paragraph at lines 8654--8654
[]\TU/lmtt/m/n/10 ## front            0.0000             0     0 0.0000    0.00
00 0.0000[] 
 []


Overfull \hbox (22.5pt too wide) in paragraph at lines 8654--8654
[]\TU/lmtt/m/n/10 ## rear             0.0000             0     0 0.0000    0.09
25 0.6890[] 
 []


Overfull \hbox (22.5pt too wide) in paragraph at lines 8654--8654
[]\TU/lmtt/m/n/10 ## VanKilled        0.0001             0     0 0.0925    0.00
00 0.0000[] 
 []


Overfull \hbox (22.5pt too wide) in paragraph at lines 8654--8654
[]\TU/lmtt/m/n/10 ## law              0.0086             0     0 0.6890    0.00
00 0.0000[] 
 []


Overfull \hbox (43.5pt too wide) in paragraph at lines 8654--8654
[]\TU/lmtt/m/n/10 ##               residuals DriversKilled front     rear      
VanKilled law[] 
 []


Overfull \hbox (59.25pt too wide) in paragraph at lines 8654--8654
[]\TU/lmtt/m/n/10 ## residuals     "none"    "pearson"     "pearson" "pearson" 
"pearson" "mcor"[] 
 []


Overfull \hbox (59.25pt too wide) in paragraph at lines 8654--8654
[]\TU/lmtt/m/n/10 ## DriversKilled "pearson" "none"        "pearson" "pearson" 
"pearson" "mcor"[] 
 []


Overfull \hbox (59.25pt too wide) in paragraph at lines 8654--8654
[]\TU/lmtt/m/n/10 ## front         "pearson" "pearson"     "none"    "pearson" 
"pearson" "mcor"[] 
 []


Overfull \hbox (59.25pt too wide) in paragraph at lines 8654--8654
[]\TU/lmtt/m/n/10 ## rear          "pearson" "pearson"     "pearson" "none"    
"pearson" "mcor"[] 
 []


Overfull \hbox (59.25pt too wide) in paragraph at lines 8654--8654
[]\TU/lmtt/m/n/10 ## VanKilled     "pearson" "pearson"     "pearson" "pearson" 
"none"    "mcor"[] 
 []


Overfull \hbox (59.25pt too wide) in paragraph at lines 8654--8654
[]\TU/lmtt/m/n/10 ## law           "mcor"    "mcor"        "mcor"    "mcor"    
"mcor"    "none"[] 
 []

[282]
File: Svetunkov--2022----ADAM_files/figure-latex/adamModelSeat02-1.pdf Graphic 
file (type pdf)
<use Svetunkov--2022----ADAM_files/figure-latex/adamModelSeat02-1.pdf>
File: Svetunkov--2022----ADAM_files/figure-latex/adamModelSeat02Resid-1.pdf Gra
phic file (type pdf)
<use Svetunkov--2022----ADAM_files/figure-latex/adamModelSeat02Resid-1.pdf>
[283]
File: Svetunkov--2022----ADAM_files/figure-latex/adamModelSeat03-1.pdf Graphic 
file (type pdf)
<use Svetunkov--2022----ADAM_files/figure-latex/adamModelSeat03-1.pdf>
[284]
File: Svetunkov--2022----ADAM_files/figure-latex/adamModelSeat04-1.pdf Graphic 
file (type pdf)
<use Svetunkov--2022----ADAM_files/figure-latex/adamModelSeat04-1.pdf>
[285]
Underfull \vbox (badness 10000) has occurred while \output is active []

[286]
File: Svetunkov--2022----ADAM_files/figure-latex/adamModelSeat03ActualsFitted-1
.pdf Graphic file (type pdf)
<use Svetunkov--2022----ADAM_files/figure-latex/adamModelSeat03ActualsFitted-1.
pdf>
[287]
File: Svetunkov--2022----ADAM_files/figure-latex/adamModelSeat03LinearPlot-1.pd
f Graphic file (type pdf)
<use Svetunkov--2022----ADAM_files/figure-latex/adamModelSeat03LinearPlot-1.pdf
>
[288]
File: Svetunkov--2022----ADAM_files/figure-latex/adamModelSeat03Resid-1.pdf Gra
phic file (type pdf)
<use Svetunkov--2022----ADAM_files/figure-latex/adamModelSeat03Resid-1.pdf>
File: Svetunkov--2022----ADAM_files/figure-latex/adamModelSeat03ResidTime-1.pdf
 Graphic file (type pdf)
<use Svetunkov--2022----ADAM_files/figure-latex/adamModelSeat03ResidTime-1.pdf>

[289]
File: Svetunkov--2022----ADAM_files/figure-latex/adamModelSeat05Resid-1.pdf Gra
phic file (type pdf)
<use Svetunkov--2022----ADAM_files/figure-latex/adamModelSeat05Resid-1.pdf>
[290] [291]
File: Svetunkov--2022----ADAM_files/figure-latex/adamModelSeat05ResidFitted-1.p
df Graphic file (type pdf)
<use Svetunkov--2022----ADAM_files/figure-latex/adamModelSeat05ResidFitted-1.pd
f>
[292]
File: Svetunkov--2022----ADAM_files/figure-latex/adamModelSeat05ResidTime-1.pdf
 Graphic file (type pdf)
<use Svetunkov--2022----ADAM_files/figure-latex/adamModelSeat05ResidTime-1.pdf>

File: Svetunkov--2022----ADAM_files/figure-latex/adamModelSeat05Student-1.pdf G
raphic file (type pdf)
<use Svetunkov--2022----ADAM_files/figure-latex/adamModelSeat05Student-1.pdf>
[293] [294]
File: Svetunkov--2022----ADAM_files/figure-latex/adamModelSeat05Outliers-1.pdf 
Graphic file (type pdf)
<use Svetunkov--2022----ADAM_files/figure-latex/adamModelSeat05Outliers-1.pdf>
[295] [296] [297]
File: Svetunkov--2022----ADAM_files/figure-latex/adamModelSeat09ResidvsTime-1.p
df Graphic file (type pdf)
<use Svetunkov--2022----ADAM_files/figure-latex/adamModelSeat09ResidvsTime-1.pd
f>

Overfull \hbox (64.5pt too wide) in paragraph at lines 9182--9182
[]\TU/lmtt/m/n/10 ## Warning in tseries::kpss.test(resid(adamModelSeat09)): p-v
alue greater than[] 
 []

[298]
Overfull \hbox (12.0pt too wide) in paragraph at lines 9190--9190
[]\TU/lmtt/m/n/10 ## KPSS Level = 0.12844, Truncation lag parameter = 4, p-valu
e = 0.1[] 
 []


Overfull \hbox (59.25pt too wide) in paragraph at lines 9201--9201
[]\TU/lmtt/m/n/10 ## Warning in tseries::adf.test(resid(adamModelSeat09)): p-va
lue smaller than[] 
 []

[299]
File: Svetunkov--2022----ADAM_files/figure-latex/adamModelSeat10ResidvsTime-1.p
df Graphic file (type pdf)
<use Svetunkov--2022----ADAM_files/figure-latex/adamModelSeat10ResidvsTime-1.pd
f>
File: Svetunkov--2022----ADAM_files/figure-latex/adamModelSeat10ACFPACF-1.pdf G
raphic file (type pdf)
<use Svetunkov--2022----ADAM_files/figure-latex/adamModelSeat10ACFPACF-1.pdf>
[300] [301]
File: Svetunkov--2022----ADAM_files/figure-latex/adamModelSeat13ACFPACF-1.pdf G
raphic file (type pdf)
<use Svetunkov--2022----ADAM_files/figure-latex/adamModelSeat13ACFPACF-1.pdf>
[302]
File: Svetunkov--2022----ADAM_files/figure-latex/adamModelSeat16Resid-1.pdf Gra
phic file (type pdf)
<use Svetunkov--2022----ADAM_files/figure-latex/adamModelSeat16Resid-1.pdf>
[303]
Underfull \vbox (badness 3735) has occurred while \output is active []

[304]
File: Svetunkov--2022----ADAM_files/figure-latex/adamModelSeat03Hetero-1.pdf Gr
aphic file (type pdf)
<use Svetunkov--2022----ADAM_files/figure-latex/adamModelSeat03Hetero-1.pdf>
[305]
File: Svetunkov--2022----ADAM_files/figure-latex/adamModelSeat03HeteroStd-1.pdf
 Graphic file (type pdf)
<use Svetunkov--2022----ADAM_files/figure-latex/adamModelSeat03HeteroStd-1.pdf>

[306]
File: Svetunkov--2022----ADAM_files/figure-latex/adamModelSeat03Spread-1.pdf Gr
aphic file (type pdf)
<use Svetunkov--2022----ADAM_files/figure-latex/adamModelSeat03Spread-1.pdf>
File: Svetunkov--2022----ADAM_files/figure-latex/adamModelSeat05HeteroPlot-1.pd
f Graphic file (type pdf)
<use Svetunkov--2022----ADAM_files/figure-latex/adamModelSeat05HeteroPlot-1.pdf
>
[307]
File: Svetunkov--2022----ADAM_files/figure-latex/adamModelSeat05Spread-1.pdf Gr
aphic file (type pdf)
<use Svetunkov--2022----ADAM_files/figure-latex/adamModelSeat05Spread-1.pdf>

Underfull \hbox (badness 1688) in paragraph at lines 9460--9461
[]\TU/lmr/m/n/10 There are formal statistical tests for heteroscedasticity, suc
h as White
 []


Underfull \hbox (badness 5667) in paragraph at lines 9460--9461
\TU/lmr/m/n/10 ([]Wikipedia[], []2021n[]), Breusch-Pagan ([]Wikipedia[], []2021
c[]) and Bartletts
 []

[308] [309] [310]
File: Svetunkov--2022----ADAM_files/figure-latex/adamModelSeat05Multistep-1.pdf
 Graphic file (type pdf)
<use Svetunkov--2022----ADAM_files/figure-latex/adamModelSeat05Multistep-1.pdf>

[311]
File: Svetunkov--2022----ADAM_files/figure-latex/adamModelSeat03QQ-1.pdf Graphi
c file (type pdf)
<use Svetunkov--2022----ADAM_files/figure-latex/adamModelSeat03QQ-1.pdf>
[312]
File: Svetunkov--2022----ADAM_files/figure-latex/adamModelSeat16QQ-1.pdf Graphi
c file (type pdf)
<use Svetunkov--2022----ADAM_files/figure-latex/adamModelSeat16QQ-1.pdf>
File: Svetunkov--2022----ADAM_files/figure-latex/adamModelSeat17QQ-1.pdf Graphi
c file (type pdf)
<use Svetunkov--2022----ADAM_files/figure-latex/adamModelSeat17QQ-1.pdf>
[313] [314]
File: Svetunkov--2022----ADAM_files/figure-latex/adamModelSeat3Density-1.pdf Gr
aphic file (type pdf)
<use Svetunkov--2022----ADAM_files/figure-latex/adamModelSeat3Density-1.pdf>
[315]
Underfull \hbox (badness 1436) in paragraph at lines 9629--9630
\TU/lmr/m/n/10 This is why sometimes Heteroskedasticity- and autocorrelation-co
nsistent
 []


Overfull \hbox (85.5pt too wide) in paragraph at lines 9646--9646
[]\TU/lmtt/m/n/10 ##        s1        s2        s3        s4        s5        s
6        s7        s8[] 
 []


Overfull \hbox (85.5pt too wide) in paragraph at lines 9646--9646
[]\TU/lmtt/m/n/10 ## 0.9999992 0.9999992 0.9999991 0.9999991 0.9999992 0.999999
2 0.9999992 0.9999991[] 
 []

[316] [317] [318

]
Chapter 15.

Underfull \vbox (badness 7667) has occurred while \output is active []

[319] [320]
Overfull \hbox (22.382pt too wide) in paragraph at lines 9721--9722
\TU/lmr/m/n/10 More generally speaking, scale model can be created for any ETS/
ARIMA/Regression
 []


Underfull \hbox (badness 1199) in paragraph at lines 9727--9729
\TU/lmr/m/n/10 If we assume that $[][] [] [][][][] [][][]$, then the general sc
ale model with
 []

[321] [322] [323] [324

]
Chapter 16.
[325]
Underfull \vbox (badness 1215) has occurred while \output is active []

[326] [327]
Underfull \hbox (badness 2393) in paragraph at lines 9997--9998
\TU/lmr/m/n/10 ETS(M,N,N), ETS(M,M,N), ETS(M,Md,N), ETS(A,M,N), ETS(A,Md,N),
 []


Underfull \hbox (badness 4805) in paragraph at lines 9999--10000
\TU/lmr/m/n/10 ETS(A,Md,N), ETS(A,N,A), ETS(A,M,A), ETS(A,Md,A), ETS(A,N,M),
 []

[328] [329] [330]
File: Svetunkov--2022----ADAM_files/figure-latex/adamARIMAModelFitExample-1.pdf
 Graphic file (type pdf)
<use Svetunkov--2022----ADAM_files/figure-latex/adamARIMAModelFitExample-1.pdf>

[331]
Overfull \hbox (90.75pt too wide) in paragraph at lines 10141--10141
[]\TU/lmtt/m/n/10 ## Model estimated using auto.adam() function: ETS(MMM)+SARIM
A(3,0,0)[1](1,0,0)[12][] 
 []

[332]
Overfull \hbox (85.5pt too wide) in paragraph at lines 10206--10206
[]\TU/lmtt/m/n/10 ## Warning: Observed Fisher Information is not positive semi-
definite, which means[] 
 []


Overfull \hbox (90.75pt too wide) in paragraph at lines 10206--10206
[]\TU/lmtt/m/n/10 ## that the likelihood was not maximised properly. Consider r
eestimating the model,[] 
 []

[333]
Overfull \hbox (85.5pt too wide) in paragraph at lines 10257--10257
[]\TU/lmtt/m/n/10 ## Warning: Observed Fisher Information is not positive semi-
definite, which means[] 
 []


Overfull \hbox (90.75pt too wide) in paragraph at lines 10257--10257
[]\TU/lmtt/m/n/10 ## that the likelihood was not maximised properly. Consider r
eestimating the model,[] 
 []

[334] [335] [336]
Underfull \hbox (badness 2521) in paragraph at lines 10320--10321
[]\TU/lmr/m/n/10 In R, \TU/lmtt/m/n/10 adam() \TU/lmr/m/n/10 function supports 
the combination of ETS models via
 []

File: Svetunkov--2022----ADAM_files/figure-latex/adamETSCCN-1.pdf Graphic file 
(type pdf)
<use Svetunkov--2022----ADAM_files/figure-latex/adamETSCCN-1.pdf>
File: Svetunkov--2022----ADAM_files/figure-latex/adamETSCCNAAdN-1.pdf Graphic f
ile (type pdf)
<use Svetunkov--2022----ADAM_files/figure-latex/adamETSCCNAAdN-1.pdf>
[337] [338] [339] [340]
File: Svetunkov--2022----ADAM_files/figure-latex/adamCombinedfinalForecast-1.pd
f Graphic file (type pdf)
<use Svetunkov--2022----ADAM_files/figure-latex/adamCombinedfinalForecast-1.pdf
>
[341] [342

]
Chapter 17.

Underfull \vbox (badness 7012) has occurred while \output is active []

[343] [344]
Underfull \hbox (badness 1783) in paragraph at lines 10555--10556
[]\TU/lmr/m/n/10 Note that this method only works when \TU/lmtt/m/n/10 loss="li
kelihood" \TU/lmr/m/n/10 or when
 []

[345]
Overfull \hbox (23.21pt too wide) in paragraph at lines 10576--10577
[]\TU/lmr/m/n/10 The covariance matrix can then be extracted from the result vi
a \TU/lmtt/m/n/10 adamModelBoot$vcov\TU/lmr/m/n/10 .
 []

[346] [347]
File: Svetunkov--2022----ADAM_files/figure-latex/adamModelBJAAdN-1.pdf Graphic 
file (type pdf)
<use Svetunkov--2022----ADAM_files/figure-latex/adamModelBJAAdN-1.pdf>
[348] [349] [350] [351]
Overfull \hbox (24.73558pt too wide) detected at line 10816
[][][] [] [] [] [] [] [] [] [] [] [][][][][][][][] [][][][][][][]
 []


Overfull \hbox (48.70715pt too wide) detected at line 10821
[][][] [] [] [][] [] [][][][][][]
 []

[352] [353]
Overfull \hbox (75.0pt too wide) in paragraph at lines 10875--10875
[]\TU/lmtt/m/n/10 ## Warning: The covariance matrix of parameters is not positi
ve semi-definite. I[] 
 []


Overfull \hbox (80.25pt too wide) in paragraph at lines 10875--10875
[]\TU/lmtt/m/n/10 ## will try fixing this, but it might make sense re-estimatin
g adam(), tuning the[] 
 []

File: Svetunkov--2022----ADAM_files/figure-latex/adamETSRefitted-1.pdf Graphic 
file (type pdf)
<use Svetunkov--2022----ADAM_files/figure-latex/adamETSRefitted-1.pdf>

Underfull \hbox (badness 1742) in paragraph at lines 10889--10890
[]\TU/lmr/m/n/10 Figure []17.2[] demonstrates how the approach works on the exa
mple of
 []

[354]
File: Svetunkov--2022----ADAM_files/figure-latex/adamARIMARefitted-1.pdf Graphi
c file (type pdf)
<use Svetunkov--2022----ADAM_files/figure-latex/adamARIMARefitted-1.pdf>
File: Svetunkov--2022----ADAM_files/figure-latex/adamARIMARefitted200-1.pdf Gra
phic file (type pdf)
<use Svetunkov--2022----ADAM_files/figure-latex/adamARIMARefitted200-1.pdf>
[355] [356] [357] [358]
Chapter 18.
[359

] [360]
File: Svetunkov--2022----ADAM_files/figure-latex/adamForecastSimulated-1.pdf Gr
aphic file (type pdf)
<use Svetunkov--2022----ADAM_files/figure-latex/adamForecastSimulated-1.pdf>
[361] [362] [363]
Underfull \vbox (badness 10000) has occurred while \output is active []

[364]

Package natbib Warning: Citation `Kourentzes2021TBA' on page 365 undefined on i
nput line 11108.

[365] [366]
File: Svetunkov--2022----ADAM_files/figure-latex/adamModelDiagnostics-1.pdf Gra
phic file (type pdf)
<use Svetunkov--2022----ADAM_files/figure-latex/adamModelDiagnostics-1.pdf>
[367]
File: Svetunkov--2022----ADAM_files/figure-latex/adamModelPIComplete-1.pdf Grap
hic file (type pdf)
<use Svetunkov--2022----ADAM_files/figure-latex/adamModelPIComplete-1.pdf>
[368]
File: Svetunkov--2022----ADAM_files/figure-latex/adamModelPIRefitted-1.pdf Grap
hic file (type pdf)
<use Svetunkov--2022----ADAM_files/figure-latex/adamModelPIRefitted-1.pdf>
[369]
File: Svetunkov--2022----ADAM_files/figure-latex/adamModelXPI6Plots-1.pdf Graph
ic file (type pdf)
<use Svetunkov--2022----ADAM_files/figure-latex/adamModelXPI6Plots-1.pdf>
File: Svetunkov--2022----ADAM_files/figure-latex/adamModelXForecastErrors-1.pdf
 Graphic file (type pdf)
<use Svetunkov--2022----ADAM_files/figure-latex/adamModelXForecastErrors-1.pdf>

[370] [371] [372] [373]
Overfull \hbox (77.33821pt too wide) detected at line 11366
[][][][][]
 []

[374]
File: Svetunkov--2022----ADAM_files/figure-latex/unnamed-chunk-144-1.pdf Graphi
c file (type pdf)
<use Svetunkov--2022----ADAM_files/figure-latex/unnamed-chunk-144-1.pdf>
File: Svetunkov--2022----ADAM_files/figure-latex/adamModeliETSCumulative-1.pdf 
Graphic file (type pdf)
<use Svetunkov--2022----ADAM_files/figure-latex/adamModeliETSCumulative-1.pdf>
[375] [376]
File: Svetunkov--2022----ADAM_files/figure-latex/adamModelConfidence-1.pdf Grap
hic file (type pdf)
<use Svetunkov--2022----ADAM_files/figure-latex/adamModelConfidence-1.pdf>

Underfull \hbox (badness 2762) in paragraph at lines 11460--11460
[]\TU/lmr/m/n/10 Figure 18.8: [][]Confidence interval for the point forecast fr
om ADAM
 []

[377] [378

]
Chapter 19.
[379] [380]
File: images/IvanSvetunkov-web.jpg Graphic file (type bmp)
<images/IvanSvetunkov-web.jpg>
(./Svetunkov--2022----ADAM.bbl [381

] [382

] [383] [384] [385]
Underfull \hbox (badness 1173) in paragraph at lines 274--278
[]\TU/lmr/m/n/10 Makridakis, S., Andersen, A. P., Carbone, R., Fildes, R., Hibo
n, M.,
 []

[386] [387] [388] [389] [390])

Package natbib Warning: There were undefined citations.

Package atveryend Info: Empty hook `BeforeClearDocument' on input line 11500.
[391]
Package atveryend Info: Empty hook `AfterLastShipout' on input line 11500.
(./Svetunkov--2022----ADAM.aux)
Package atveryend Info: Empty hook `AtVeryEndDocument' on input line 11500.
Package atveryend Info: Empty hook `AtEndAfterFileList' on input line 11500.

LaTeX Warning: There were undefined references.


LaTeX Warning: There were multiply-defined labels.

 ) 
Here is how much of TeX's memory you used:
 23088 strings out of 481058
 446185 string characters out of 5929147
 917088 words of memory out of 5000000
 39560 multiletter control sequences out of 15000+600000
 540436 words of font info for 98 fonts, out of 8000000 for 9000
 682 hyphenation exceptions out of 8191
 58i,20n,115p,1884b,748s stack positions out of 5000i,500n,10000p,200000b,80000s

Output written on Svetunkov--2022----ADAM.pdf (391 pages).
